ERROR - 2025-12-17 10:52:24 --> Error connecting to the database: mysqli_sql_exception: No connection could be made because the target machine actively refused it in C:\xampp\htdocs\cobaweb\system\Database\MySQLi\Connection.php:201
Stack trace:
#0 C:\xampp\htdocs\cobaweb\system\Database\MySQLi\Connection.php(201): mysqli->real_connect('localhost', 'root', Object(SensitiveParameterValue), 'cobaweb', 3306, '', 0)
#1 C:\xampp\htdocs\cobaweb\system\Database\BaseConnection.php(419): CodeIgniter\Database\MySQLi\Connection->connect(false)
#2 C:\xampp\htdocs\cobaweb\system\Database\BaseConnection.php(614): CodeIgniter\Database\BaseConnection->initialize()
#3 C:\xampp\htdocs\cobaweb\system\Database\BaseBuilder.php(1649): CodeIgniter\Database\BaseConnection->query('SELECT *\nFROM `...', Array, false)
#4 C:\xampp\htdocs\cobaweb\system\Model.php(286): CodeIgniter\Database\BaseBuilder->get()
#5 C:\xampp\htdocs\cobaweb\system\BaseModel.php(677): CodeIgniter\Model->doFindAll(0, 0)
#6 C:\xampp\htdocs\cobaweb\app\Controllers\BaseController.php(20): CodeIgniter\BaseModel->findAll()
#7 C:\xampp\htdocs\cobaweb\system\CodeIgniter.php(904): App\Controllers\BaseController->initController(Object(CodeIgniter\HTTP\IncomingRequest), Object(CodeIgniter\HTTP\Response), Object(CodeIgniter\Log\Logger))
#8 C:\xampp\htdocs\cobaweb\system\CodeIgniter.php(498): CodeIgniter\CodeIgniter->createController()
#9 C:\xampp\htdocs\cobaweb\system\CodeIgniter.php(354): CodeIgniter\CodeIgniter->handleRequest(NULL, Object(Config\Cache), false)
#10 C:\xampp\htdocs\cobaweb\system\Boot.php(363): CodeIgniter\CodeIgniter->run()
#11 C:\xampp\htdocs\cobaweb\system\Boot.php(68): CodeIgniter\Boot::runCodeIgniter(Object(CodeIgniter\CodeIgniter))
#12 C:\xampp\htdocs\cobaweb\public\index.php(59): CodeIgniter\Boot::bootWeb(Object(Config\Paths))
#13 C:\xampp\htdocs\cobaweb\system\rewrite.php(44): require_once('C:\\xampp\\htdocs...')
#14 {main}

Next CodeIgniter\Database\Exceptions\DatabaseException: No connection could be made because the target machine actively refused it in C:\xampp\htdocs\cobaweb\system\Database\MySQLi\Connection.php:246
Stack trace:
#0 C:\xampp\htdocs\cobaweb\system\Database\BaseConnection.php(419): CodeIgniter\Database\MySQLi\Connection->connect(false)
#1 C:\xampp\htdocs\cobaweb\system\Database\BaseConnection.php(614): CodeIgniter\Database\BaseConnection->initialize()
#2 C:\xampp\htdocs\cobaweb\system\Database\BaseBuilder.php(1649): CodeIgniter\Database\BaseConnection->query('SELECT *\nFROM `...', Array, false)
#3 C:\xampp\htdocs\cobaweb\system\Model.php(286): CodeIgniter\Database\BaseBuilder->get()
#4 C:\xampp\htdocs\cobaweb\system\BaseModel.php(677): CodeIgniter\Model->doFindAll(0, 0)
#5 C:\xampp\htdocs\cobaweb\app\Controllers\BaseController.php(20): CodeIgniter\BaseModel->findAll()
#6 C:\xampp\htdocs\cobaweb\system\CodeIgniter.php(904): App\Controllers\BaseController->initController(Object(CodeIgniter\HTTP\IncomingRequest), Object(CodeIgniter\HTTP\Response), Object(CodeIgniter\Log\Logger))
#7 C:\xampp\htdocs\cobaweb\system\CodeIgniter.php(498): CodeIgniter\CodeIgniter->createController()
#8 C:\xampp\htdocs\cobaweb\system\CodeIgniter.php(354): CodeIgniter\CodeIgniter->handleRequest(NULL, Object(Config\Cache), false)
#9 C:\xampp\htdocs\cobaweb\system\Boot.php(363): CodeIgniter\CodeIgniter->run()
#10 C:\xampp\htdocs\cobaweb\system\Boot.php(68): CodeIgniter\Boot::runCodeIgniter(Object(CodeIgniter\CodeIgniter))
#11 C:\xampp\htdocs\cobaweb\public\index.php(59): CodeIgniter\Boot::bootWeb(Object(Config\Paths))
#12 C:\xampp\htdocs\cobaweb\system\rewrite.php(44): require_once('C:\\xampp\\htdocs...')
#13 {main}
CRITICAL - 2025-12-17 10:52:24 --> CodeIgniter\Database\Exceptions\DatabaseException: Unable to connect to the database.
Main connection [MySQLi]: No connection could be made because the target machine actively refused it
[Method: GET, Route: /]
in SYSTEMPATH\Database\BaseConnection.php on line 465.
 1 SYSTEMPATH\Database\BaseConnection.php(614): CodeIgniter\Database\BaseConnection->initialize()
 2 SYSTEMPATH\Database\BaseBuilder.php(1649): CodeIgniter\Database\BaseConnection->query('SELECT *
FROM `lokasi`', [], false)
 3 SYSTEMPATH\Model.php(286): CodeIgniter\Database\BaseBuilder->get()
 4 SYSTEMPATH\BaseModel.php(677): CodeIgniter\Model->doFindAll(0, 0)
 5 APPPATH\Controllers\BaseController.php(20): CodeIgniter\BaseModel->findAll()
 6 SYSTEMPATH\CodeIgniter.php(904): App\Controllers\BaseController->initController(Object(CodeIgniter\HTTP\IncomingRequest), Object(CodeIgniter\HTTP\Response), Object(CodeIgniter\Log\Logger))
 7 SYSTEMPATH\CodeIgniter.php(498): CodeIgniter\CodeIgniter->createController()
 8 SYSTEMPATH\CodeIgniter.php(354): CodeIgniter\CodeIgniter->handleRequest(null, Object(Config\Cache), false)
 9 SYSTEMPATH\Boot.php(363): CodeIgniter\CodeIgniter->run()
10 SYSTEMPATH\Boot.php(68): CodeIgniter\Boot::runCodeIgniter(Object(CodeIgniter\CodeIgniter))
11 FCPATH\index.php(59): CodeIgniter\Boot::bootWeb(Object(Config\Paths))
12 SYSTEMPATH\rewrite.php(44): require_once('C:\\xampp\\htdocs\\cobaweb\\public\\index.php')
DEBUG - 2025-12-17 11:02:19 --> Session: Class initialized using 'CodeIgniter\Session\Handlers\FileHandler' driver.
DEBUG - 2025-12-17 11:02:39 --> Session: Class initialized using 'CodeIgniter\Session\Handlers\FileHandler' driver.
DEBUG - 2025-12-17 11:10:59 --> Session: Class initialized using 'CodeIgniter\Session\Handlers\FileHandler' driver.
DEBUG - 2025-12-17 11:17:08 --> Session: Class initialized using 'CodeIgniter\Session\Handlers\FileHandler' driver.
DEBUG - 2025-12-17 11:22:13 --> Session: Class initialized using 'CodeIgniter\Session\Handlers\FileHandler' driver.
DEBUG - 2025-12-17 11:22:25 --> Session: Class initialized using 'CodeIgniter\Session\Handlers\FileHandler' driver.
CRITICAL - 2025-12-17 16:21:24 --> ArgumentCountError: Too few arguments to function App\Controllers\User\Produk::detail(), 1 passed in C:\xampp\htdocs\cobaweb\system\CodeIgniter.php on line 933 and exactly 3 expected
[Method: GET, Route: produk/2]
in APPPATH\Controllers\User\Produk.php on line 23.
 1 SYSTEMPATH\CodeIgniter.php(933): App\Controllers\User\Produk->detail('2')
 2 SYSTEMPATH\CodeIgniter.php(507): CodeIgniter\CodeIgniter->runController(Object(App\Controllers\User\Produk))
 3 SYSTEMPATH\CodeIgniter.php(354): CodeIgniter\CodeIgniter->handleRequest(null, Object(Config\Cache), false)
 4 SYSTEMPATH\Boot.php(363): CodeIgniter\CodeIgniter->run()
 5 SYSTEMPATH\Boot.php(68): CodeIgniter\Boot::runCodeIgniter(Object(CodeIgniter\CodeIgniter))
 6 FCPATH\index.php(59): CodeIgniter\Boot::bootWeb(Object(Config\Paths))
 7 SYSTEMPATH\rewrite.php(44): require_once('C:\\xampp\\htdocs\\cobaweb\\public\\index.php')
CRITICAL - 2025-12-17 16:21:28 --> CodeIgniter\View\Exceptions\ViewException: Invalid file: "user/produk/lokasi.php"
[Method: GET, Route: produk/lokasi/2]
in SYSTEMPATH\Exceptions\FrameworkException.php on line 39.
 1 SYSTEMPATH\View\View.php(214): CodeIgniter\Exceptions\FrameworkException::forInvalidFile('user/produk/lokasi.php')
 2 SYSTEMPATH\Common.php(1199): CodeIgniter\View\View->render('user/produk/lokasi', [], true)
 3 APPPATH\Controllers\User\Produk.php(73): view('user/produk/lokasi', [...])
 4 SYSTEMPATH\CodeIgniter.php(933): App\Controllers\User\Produk->lokasi('2')
 5 SYSTEMPATH\CodeIgniter.php(507): CodeIgniter\CodeIgniter->runController(Object(App\Controllers\User\Produk))
 6 SYSTEMPATH\CodeIgniter.php(354): CodeIgniter\CodeIgniter->handleRequest(null, Object(Config\Cache), false)
 7 SYSTEMPATH\Boot.php(363): CodeIgniter\CodeIgniter->run()
 8 SYSTEMPATH\Boot.php(68): CodeIgniter\Boot::runCodeIgniter(Object(CodeIgniter\CodeIgniter))
 9 FCPATH\index.php(59): CodeIgniter\Boot::bootWeb(Object(Config\Paths))
10 SYSTEMPATH\rewrite.php(44): require_once('C:\\xampp\\htdocs\\cobaweb\\public\\index.php')
CRITICAL - 2025-12-17 16:23:34 --> ArgumentCountError: Too few arguments to function App\Controllers\User\Produk::detail(), 1 passed in C:\xampp\htdocs\cobaweb\system\CodeIgniter.php on line 933 and exactly 3 expected
[Method: GET, Route: produk/2]
in APPPATH\Controllers\User\Produk.php on line 23.
 1 SYSTEMPATH\CodeIgniter.php(933): App\Controllers\User\Produk->detail('2')
 2 SYSTEMPATH\CodeIgniter.php(507): CodeIgniter\CodeIgniter->runController(Object(App\Controllers\User\Produk))
 3 SYSTEMPATH\CodeIgniter.php(354): CodeIgniter\CodeIgniter->handleRequest(null, Object(Config\Cache), false)
 4 SYSTEMPATH\Boot.php(363): CodeIgniter\CodeIgniter->run()
 5 SYSTEMPATH\Boot.php(68): CodeIgniter\Boot::runCodeIgniter(Object(CodeIgniter\CodeIgniter))
 6 FCPATH\index.php(59): CodeIgniter\Boot::bootWeb(Object(Config\Paths))
 7 SYSTEMPATH\rewrite.php(44): require_once('C:\\xampp\\htdocs\\cobaweb\\public\\index.php')
CRITICAL - 2025-12-17 16:30:46 --> CodeIgniter\View\Exceptions\ViewException: Invalid file: "user/produk/lokasi.php"
[Method: GET, Route: produk/lokasi/2]
in SYSTEMPATH\Exceptions\FrameworkException.php on line 39.
 1 SYSTEMPATH\View\View.php(214): CodeIgniter\Exceptions\FrameworkException::forInvalidFile('user/produk/lokasi.php')
 2 SYSTEMPATH\Common.php(1199): CodeIgniter\View\View->render('user/produk/lokasi', [], true)
 3 APPPATH\Controllers\User\Produk.php(75): view('user/produk/lokasi', [...])
 4 SYSTEMPATH\CodeIgniter.php(933): App\Controllers\User\Produk->lokasi('2')
 5 SYSTEMPATH\CodeIgniter.php(507): CodeIgniter\CodeIgniter->runController(Object(App\Controllers\User\Produk))
 6 SYSTEMPATH\CodeIgniter.php(354): CodeIgniter\CodeIgniter->handleRequest(null, Object(Config\Cache), false)
 7 SYSTEMPATH\Boot.php(363): CodeIgniter\CodeIgniter->run()
 8 SYSTEMPATH\Boot.php(68): CodeIgniter\Boot::runCodeIgniter(Object(CodeIgniter\CodeIgniter))
 9 FCPATH\index.php(59): CodeIgniter\Boot::bootWeb(Object(Config\Paths))
10 SYSTEMPATH\rewrite.php(44): require_once('C:\\xampp\\htdocs\\cobaweb\\public\\index.php')
CRITICAL - 2025-12-17 16:30:50 --> ErrorException: Undefined variable $rekomendasi
[Method: GET, Route: produk/2]
in APPPATH\Views\user\produk\detail.php on line 59.
 1 APPPATH\Views\user\produk\detail.php(59): CodeIgniter\Debug\Exceptions->errorHandler(2, 'Undefined variable $rekomendasi', 'C:\\xampp\\htdocs\\cobaweb\\app\\Views\\user\\produk\\detail.php', 59)
 2 SYSTEMPATH\View\View.php(226): include('C:\\xampp\\htdocs\\cobaweb\\app\\Views\\user\\produk\\detail.php')
 3 SYSTEMPATH\View\View.php(229): CodeIgniter\View\View->CodeIgniter\View\{closure}()
 4 SYSTEMPATH\Common.php(1199): CodeIgniter\View\View->render('user/produk/detail', [], true)
 5 APPPATH\Controllers\User\Produk.php(37): view('user/produk/detail', [...])
 6 SYSTEMPATH\CodeIgniter.php(933): App\Controllers\User\Produk->detail('2')
 7 SYSTEMPATH\CodeIgniter.php(507): CodeIgniter\CodeIgniter->runController(Object(App\Controllers\User\Produk))
 8 SYSTEMPATH\CodeIgniter.php(354): CodeIgniter\CodeIgniter->handleRequest(null, Object(Config\Cache), false)
 9 SYSTEMPATH\Boot.php(363): CodeIgniter\CodeIgniter->run()
10 SYSTEMPATH\Boot.php(68): CodeIgniter\Boot::runCodeIgniter(Object(CodeIgniter\CodeIgniter))
11 FCPATH\index.php(59): CodeIgniter\Boot::bootWeb(Object(Config\Paths))
12 SYSTEMPATH\rewrite.php(44): require_once('C:\\xampp\\htdocs\\cobaweb\\public\\index.php')
CRITICAL - 2025-12-17 16:30:54 --> CodeIgniter\View\Exceptions\ViewException: Invalid file: "user/produk/lokasi.php"
[Method: GET, Route: produk/lokasi/2]
in SYSTEMPATH\Exceptions\FrameworkException.php on line 39.
 1 SYSTEMPATH\View\View.php(214): CodeIgniter\Exceptions\FrameworkException::forInvalidFile('user/produk/lokasi.php')
 2 SYSTEMPATH\Common.php(1199): CodeIgniter\View\View->render('user/produk/lokasi', [], true)
 3 APPPATH\Controllers\User\Produk.php(75): view('user/produk/lokasi', [...])
 4 SYSTEMPATH\CodeIgniter.php(933): App\Controllers\User\Produk->lokasi('2')
 5 SYSTEMPATH\CodeIgniter.php(507): CodeIgniter\CodeIgniter->runController(Object(App\Controllers\User\Produk))
 6 SYSTEMPATH\CodeIgniter.php(354): CodeIgniter\CodeIgniter->handleRequest(null, Object(Config\Cache), false)
 7 SYSTEMPATH\Boot.php(363): CodeIgniter\CodeIgniter->run()
 8 SYSTEMPATH\Boot.php(68): CodeIgniter\Boot::runCodeIgniter(Object(CodeIgniter\CodeIgniter))
 9 FCPATH\index.php(59): CodeIgniter\Boot::bootWeb(Object(Config\Paths))
10 SYSTEMPATH\rewrite.php(44): require_once('C:\\xampp\\htdocs\\cobaweb\\public\\index.php')
CRITICAL - 2025-12-17 16:31:25 --> ErrorException: Undefined variable $rekomendasi
[Method: GET, Route: produk/2]
in APPPATH\Views\user\produk\detail.php on line 59.
 1 APPPATH\Views\user\produk\detail.php(59): CodeIgniter\Debug\Exceptions->errorHandler(2, 'Undefined variable $rekomendasi', 'C:\\xampp\\htdocs\\cobaweb\\app\\Views\\user\\produk\\detail.php', 59)
 2 SYSTEMPATH\View\View.php(226): include('C:\\xampp\\htdocs\\cobaweb\\app\\Views\\user\\produk\\detail.php')
 3 SYSTEMPATH\View\View.php(229): CodeIgniter\View\View->CodeIgniter\View\{closure}()
 4 SYSTEMPATH\Common.php(1199): CodeIgniter\View\View->render('user/produk/detail', [], true)
 5 APPPATH\Controllers\User\Produk.php(37): view('user/produk/detail', [...])
 6 SYSTEMPATH\CodeIgniter.php(933): App\Controllers\User\Produk->detail('2')
 7 SYSTEMPATH\CodeIgniter.php(507): CodeIgniter\CodeIgniter->runController(Object(App\Controllers\User\Produk))
 8 SYSTEMPATH\CodeIgniter.php(354): CodeIgniter\CodeIgniter->handleRequest(null, Object(Config\Cache), false)
 9 SYSTEMPATH\Boot.php(363): CodeIgniter\CodeIgniter->run()
10 SYSTEMPATH\Boot.php(68): CodeIgniter\Boot::runCodeIgniter(Object(CodeIgniter\CodeIgniter))
11 FCPATH\index.php(59): CodeIgniter\Boot::bootWeb(Object(Config\Paths))
12 SYSTEMPATH\rewrite.php(44): require_once('C:\\xampp\\htdocs\\cobaweb\\public\\index.php')
CRITICAL - 2025-12-17 16:31:30 --> ErrorException: Undefined variable $rekomendasi
[Method: GET, Route: produk/1]
in APPPATH\Views\user\produk\detail.php on line 59.
 1 APPPATH\Views\user\produk\detail.php(59): CodeIgniter\Debug\Exceptions->errorHandler(2, 'Undefined variable $rekomendasi', 'C:\\xampp\\htdocs\\cobaweb\\app\\Views\\user\\produk\\detail.php', 59)
 2 SYSTEMPATH\View\View.php(226): include('C:\\xampp\\htdocs\\cobaweb\\app\\Views\\user\\produk\\detail.php')
 3 SYSTEMPATH\View\View.php(229): CodeIgniter\View\View->CodeIgniter\View\{closure}()
 4 SYSTEMPATH\Common.php(1199): CodeIgniter\View\View->render('user/produk/detail', [], true)
 5 APPPATH\Controllers\User\Produk.php(37): view('user/produk/detail', [...])
 6 SYSTEMPATH\CodeIgniter.php(933): App\Controllers\User\Produk->detail('1')
 7 SYSTEMPATH\CodeIgniter.php(507): CodeIgniter\CodeIgniter->runController(Object(App\Controllers\User\Produk))
 8 SYSTEMPATH\CodeIgniter.php(354): CodeIgniter\CodeIgniter->handleRequest(null, Object(Config\Cache), false)
 9 SYSTEMPATH\Boot.php(363): CodeIgniter\CodeIgniter->run()
10 SYSTEMPATH\Boot.php(68): CodeIgniter\Boot::runCodeIgniter(Object(CodeIgniter\CodeIgniter))
11 FCPATH\index.php(59): CodeIgniter\Boot::bootWeb(Object(Config\Paths))
12 SYSTEMPATH\rewrite.php(44): require_once('C:\\xampp\\htdocs\\cobaweb\\public\\index.php')
CRITICAL - 2025-12-17 16:31:35 --> ErrorException: Undefined variable $rekomendasi
[Method: GET, Route: produk/2]
in APPPATH\Views\user\produk\detail.php on line 59.
 1 APPPATH\Views\user\produk\detail.php(59): CodeIgniter\Debug\Exceptions->errorHandler(2, 'Undefined variable $rekomendasi', 'C:\\xampp\\htdocs\\cobaweb\\app\\Views\\user\\produk\\detail.php', 59)
 2 SYSTEMPATH\View\View.php(226): include('C:\\xampp\\htdocs\\cobaweb\\app\\Views\\user\\produk\\detail.php')
 3 SYSTEMPATH\View\View.php(229): CodeIgniter\View\View->CodeIgniter\View\{closure}()
 4 SYSTEMPATH\Common.php(1199): CodeIgniter\View\View->render('user/produk/detail', [], true)
 5 APPPATH\Controllers\User\Produk.php(37): view('user/produk/detail', [...])
 6 SYSTEMPATH\CodeIgniter.php(933): App\Controllers\User\Produk->detail('2')
 7 SYSTEMPATH\CodeIgniter.php(507): CodeIgniter\CodeIgniter->runController(Object(App\Controllers\User\Produk))
 8 SYSTEMPATH\CodeIgniter.php(354): CodeIgniter\CodeIgniter->handleRequest(null, Object(Config\Cache), false)
 9 SYSTEMPATH\Boot.php(363): CodeIgniter\CodeIgniter->run()
10 SYSTEMPATH\Boot.php(68): CodeIgniter\Boot::runCodeIgniter(Object(CodeIgniter\CodeIgniter))
11 FCPATH\index.php(59): CodeIgniter\Boot::bootWeb(Object(Config\Paths))
12 SYSTEMPATH\rewrite.php(44): require_once('C:\\xampp\\htdocs\\cobaweb\\public\\index.php')
CRITICAL - 2025-12-17 16:36:54 --> ErrorException: Undefined variable $produk
[Method: GET, Route: produk/2]
in APPPATH\Controllers\User\Produk.php on line 26.
 1 APPPATH\Controllers\User\Produk.php(26): CodeIgniter\Debug\Exceptions->errorHandler(2, 'Undefined variable $produk', 'C:\\xampp\\htdocs\\cobaweb\\app\\Controllers\\User\\Produk.php', 26)
 2 SYSTEMPATH\CodeIgniter.php(933): App\Controllers\User\Produk->detail('2')
 3 SYSTEMPATH\CodeIgniter.php(507): CodeIgniter\CodeIgniter->runController(Object(App\Controllers\User\Produk))
 4 SYSTEMPATH\CodeIgniter.php(354): CodeIgniter\CodeIgniter->handleRequest(null, Object(Config\Cache), false)
 5 SYSTEMPATH\Boot.php(363): CodeIgniter\CodeIgniter->run()
 6 SYSTEMPATH\Boot.php(68): CodeIgniter\Boot::runCodeIgniter(Object(CodeIgniter\CodeIgniter))
 7 FCPATH\index.php(59): CodeIgniter\Boot::bootWeb(Object(Config\Paths))
 8 SYSTEMPATH\rewrite.php(44): require_once('C:\\xampp\\htdocs\\cobaweb\\public\\index.php')
CRITICAL - 2025-12-17 16:36:55 --> ErrorException: Undefined variable $produk
[Method: GET, Route: produk/2]
in APPPATH\Controllers\User\Produk.php on line 26.
 1 APPPATH\Controllers\User\Produk.php(26): CodeIgniter\Debug\Exceptions->errorHandler(2, 'Undefined variable $produk', 'C:\\xampp\\htdocs\\cobaweb\\app\\Controllers\\User\\Produk.php', 26)
 2 SYSTEMPATH\CodeIgniter.php(933): App\Controllers\User\Produk->detail('2')
 3 SYSTEMPATH\CodeIgniter.php(507): CodeIgniter\CodeIgniter->runController(Object(App\Controllers\User\Produk))
 4 SYSTEMPATH\CodeIgniter.php(354): CodeIgniter\CodeIgniter->handleRequest(null, Object(Config\Cache), false)
 5 SYSTEMPATH\Boot.php(363): CodeIgniter\CodeIgniter->run()
 6 SYSTEMPATH\Boot.php(68): CodeIgniter\Boot::runCodeIgniter(Object(CodeIgniter\CodeIgniter))
 7 FCPATH\index.php(59): CodeIgniter\Boot::bootWeb(Object(Config\Paths))
 8 SYSTEMPATH\rewrite.php(44): require_once('C:\\xampp\\htdocs\\cobaweb\\public\\index.php')
CRITICAL - 2025-12-17 16:36:56 --> ErrorException: Undefined variable $produk
[Method: GET, Route: produk/2]
in APPPATH\Controllers\User\Produk.php on line 26.
 1 APPPATH\Controllers\User\Produk.php(26): CodeIgniter\Debug\Exceptions->errorHandler(2, 'Undefined variable $produk', 'C:\\xampp\\htdocs\\cobaweb\\app\\Controllers\\User\\Produk.php', 26)
 2 SYSTEMPATH\CodeIgniter.php(933): App\Controllers\User\Produk->detail('2')
 3 SYSTEMPATH\CodeIgniter.php(507): CodeIgniter\CodeIgniter->runController(Object(App\Controllers\User\Produk))
 4 SYSTEMPATH\CodeIgniter.php(354): CodeIgniter\CodeIgniter->handleRequest(null, Object(Config\Cache), false)
 5 SYSTEMPATH\Boot.php(363): CodeIgniter\CodeIgniter->run()
 6 SYSTEMPATH\Boot.php(68): CodeIgniter\Boot::runCodeIgniter(Object(CodeIgniter\CodeIgniter))
 7 FCPATH\index.php(59): CodeIgniter\Boot::bootWeb(Object(Config\Paths))
 8 SYSTEMPATH\rewrite.php(44): require_once('C:\\xampp\\htdocs\\cobaweb\\public\\index.php')
CRITICAL - 2025-12-17 16:36:56 --> ErrorException: Undefined variable $produk
[Method: GET, Route: produk/2]
in APPPATH\Controllers\User\Produk.php on line 26.
 1 APPPATH\Controllers\User\Produk.php(26): CodeIgniter\Debug\Exceptions->errorHandler(2, 'Undefined variable $produk', 'C:\\xampp\\htdocs\\cobaweb\\app\\Controllers\\User\\Produk.php', 26)
 2 SYSTEMPATH\CodeIgniter.php(933): App\Controllers\User\Produk->detail('2')
 3 SYSTEMPATH\CodeIgniter.php(507): CodeIgniter\CodeIgniter->runController(Object(App\Controllers\User\Produk))
 4 SYSTEMPATH\CodeIgniter.php(354): CodeIgniter\CodeIgniter->handleRequest(null, Object(Config\Cache), false)
 5 SYSTEMPATH\Boot.php(363): CodeIgniter\CodeIgniter->run()
 6 SYSTEMPATH\Boot.php(68): CodeIgniter\Boot::runCodeIgniter(Object(CodeIgniter\CodeIgniter))
 7 FCPATH\index.php(59): CodeIgniter\Boot::bootWeb(Object(Config\Paths))
 8 SYSTEMPATH\rewrite.php(44): require_once('C:\\xampp\\htdocs\\cobaweb\\public\\index.php')
CRITICAL - 2025-12-17 16:37:03 --> CodeIgniter\View\Exceptions\ViewException: Invalid file: "user/produk/lokasi.php"
[Method: GET, Route: produk/lokasi/2]
in SYSTEMPATH\Exceptions\FrameworkException.php on line 39.
 1 SYSTEMPATH\View\View.php(214): CodeIgniter\Exceptions\FrameworkException::forInvalidFile('user/produk/lokasi.php')
 2 SYSTEMPATH\Common.php(1199): CodeIgniter\View\View->render('user/produk/lokasi', [], true)
 3 APPPATH\Controllers\User\Produk.php(71): view('user/produk/lokasi', [...])
 4 SYSTEMPATH\CodeIgniter.php(933): App\Controllers\User\Produk->lokasi('2')
 5 SYSTEMPATH\CodeIgniter.php(507): CodeIgniter\CodeIgniter->runController(Object(App\Controllers\User\Produk))
 6 SYSTEMPATH\CodeIgniter.php(354): CodeIgniter\CodeIgniter->handleRequest(null, Object(Config\Cache), false)
 7 SYSTEMPATH\Boot.php(363): CodeIgniter\CodeIgniter->run()
 8 SYSTEMPATH\Boot.php(68): CodeIgniter\Boot::runCodeIgniter(Object(CodeIgniter\CodeIgniter))
 9 FCPATH\index.php(59): CodeIgniter\Boot::bootWeb(Object(Config\Paths))
10 SYSTEMPATH\rewrite.php(44): require_once('C:\\xampp\\htdocs\\cobaweb\\public\\index.php')
CRITICAL - 2025-12-17 16:37:06 --> ErrorException: Undefined variable $produk
[Method: GET, Route: produk/2]
in APPPATH\Controllers\User\Produk.php on line 26.
 1 APPPATH\Controllers\User\Produk.php(26): CodeIgniter\Debug\Exceptions->errorHandler(2, 'Undefined variable $produk', 'C:\\xampp\\htdocs\\cobaweb\\app\\Controllers\\User\\Produk.php', 26)
 2 SYSTEMPATH\CodeIgniter.php(933): App\Controllers\User\Produk->detail('2')
 3 SYSTEMPATH\CodeIgniter.php(507): CodeIgniter\CodeIgniter->runController(Object(App\Controllers\User\Produk))
 4 SYSTEMPATH\CodeIgniter.php(354): CodeIgniter\CodeIgniter->handleRequest(null, Object(Config\Cache), false)
 5 SYSTEMPATH\Boot.php(363): CodeIgniter\CodeIgniter->run()
 6 SYSTEMPATH\Boot.php(68): CodeIgniter\Boot::runCodeIgniter(Object(CodeIgniter\CodeIgniter))
 7 FCPATH\index.php(59): CodeIgniter\Boot::bootWeb(Object(Config\Paths))
 8 SYSTEMPATH\rewrite.php(44): require_once('C:\\xampp\\htdocs\\cobaweb\\public\\index.php')
CRITICAL - 2025-12-17 16:40:05 --> ErrorException: Undefined variable $lokasi
[Method: GET, Route: produk/2]
in APPPATH\Views\user\layout\header.php on line 32.
 1 APPPATH\Views\user\layout\header.php(32): CodeIgniter\Debug\Exceptions->errorHandler(2, 'Undefined variable $lokasi', 'C:\\xampp\\htdocs\\cobaweb\\app\\Views\\user\\layout\\header.php', 32)
 2 SYSTEMPATH\View\View.php(226): include('C:\\xampp\\htdocs\\cobaweb\\app\\Views\\user\\layout\\header.php')
 3 SYSTEMPATH\View\View.php(229): CodeIgniter\View\View->CodeIgniter\View\{closure}()
 4 SYSTEMPATH\View\View.php(475): CodeIgniter\View\View->render('user/layout/header', null, true)
 5 APPPATH\Views\user\produk\detail.php(1): CodeIgniter\View\View->include('user/layout/header')
 6 SYSTEMPATH\View\View.php(226): include('C:\\xampp\\htdocs\\cobaweb\\app\\Views\\user\\produk\\detail.php')
 7 SYSTEMPATH\View\View.php(229): CodeIgniter\View\View->CodeIgniter\View\{closure}()
 8 SYSTEMPATH\Common.php(1199): CodeIgniter\View\View->render('user/produk/detail', [], true)
 9 APPPATH\Controllers\User\Produk.php(44): view('user/produk/detail', [...])
10 SYSTEMPATH\CodeIgniter.php(933): App\Controllers\User\Produk->detail('2')
11 SYSTEMPATH\CodeIgniter.php(507): CodeIgniter\CodeIgniter->runController(Object(App\Controllers\User\Produk))
12 SYSTEMPATH\CodeIgniter.php(354): CodeIgniter\CodeIgniter->handleRequest(null, Object(Config\Cache), false)
13 SYSTEMPATH\Boot.php(363): CodeIgniter\CodeIgniter->run()
14 SYSTEMPATH\Boot.php(68): CodeIgniter\Boot::runCodeIgniter(Object(CodeIgniter\CodeIgniter))
15 FCPATH\index.php(59): CodeIgniter\Boot::bootWeb(Object(Config\Paths))
16 SYSTEMPATH\rewrite.php(44): require_once('C:\\xampp\\htdocs\\cobaweb\\public\\index.php')
CRITICAL - 2025-12-17 16:40:06 --> ErrorException: Undefined variable $lokasi
[Method: GET, Route: produk/2]
in APPPATH\Views\user\layout\header.php on line 32.
 1 APPPATH\Views\user\layout\header.php(32): CodeIgniter\Debug\Exceptions->errorHandler(2, 'Undefined variable $lokasi', 'C:\\xampp\\htdocs\\cobaweb\\app\\Views\\user\\layout\\header.php', 32)
 2 SYSTEMPATH\View\View.php(226): include('C:\\xampp\\htdocs\\cobaweb\\app\\Views\\user\\layout\\header.php')
 3 SYSTEMPATH\View\View.php(229): CodeIgniter\View\View->CodeIgniter\View\{closure}()
 4 SYSTEMPATH\View\View.php(475): CodeIgniter\View\View->render('user/layout/header', null, true)
 5 APPPATH\Views\user\produk\detail.php(1): CodeIgniter\View\View->include('user/layout/header')
 6 SYSTEMPATH\View\View.php(226): include('C:\\xampp\\htdocs\\cobaweb\\app\\Views\\user\\produk\\detail.php')
 7 SYSTEMPATH\View\View.php(229): CodeIgniter\View\View->CodeIgniter\View\{closure}()
 8 SYSTEMPATH\Common.php(1199): CodeIgniter\View\View->render('user/produk/detail', [], true)
 9 APPPATH\Controllers\User\Produk.php(44): view('user/produk/detail', [...])
10 SYSTEMPATH\CodeIgniter.php(933): App\Controllers\User\Produk->detail('2')
11 SYSTEMPATH\CodeIgniter.php(507): CodeIgniter\CodeIgniter->runController(Object(App\Controllers\User\Produk))
12 SYSTEMPATH\CodeIgniter.php(354): CodeIgniter\CodeIgniter->handleRequest(null, Object(Config\Cache), false)
13 SYSTEMPATH\Boot.php(363): CodeIgniter\CodeIgniter->run()
14 SYSTEMPATH\Boot.php(68): CodeIgniter\Boot::runCodeIgniter(Object(CodeIgniter\CodeIgniter))
15 FCPATH\index.php(59): CodeIgniter\Boot::bootWeb(Object(Config\Paths))
16 SYSTEMPATH\rewrite.php(44): require_once('C:\\xampp\\htdocs\\cobaweb\\public\\index.php')
CRITICAL - 2025-12-17 16:40:17 --> CodeIgniter\View\Exceptions\ViewException: Invalid file: "user/produk/lokasi.php"
[Method: GET, Route: produk/lokasi/1]
in SYSTEMPATH\Exceptions\FrameworkException.php on line 39.
 1 SYSTEMPATH\View\View.php(214): CodeIgniter\Exceptions\FrameworkException::forInvalidFile('user/produk/lokasi.php')
 2 SYSTEMPATH\Common.php(1199): CodeIgniter\View\View->render('user/produk/lokasi', [], true)
 3 APPPATH\Controllers\User\Produk.php(84): view('user/produk/lokasi', [...])
 4 SYSTEMPATH\CodeIgniter.php(933): App\Controllers\User\Produk->lokasi('1')
 5 SYSTEMPATH\CodeIgniter.php(507): CodeIgniter\CodeIgniter->runController(Object(App\Controllers\User\Produk))
 6 SYSTEMPATH\CodeIgniter.php(354): CodeIgniter\CodeIgniter->handleRequest(null, Object(Config\Cache), false)
 7 SYSTEMPATH\Boot.php(363): CodeIgniter\CodeIgniter->run()
 8 SYSTEMPATH\Boot.php(68): CodeIgniter\Boot::runCodeIgniter(Object(CodeIgniter\CodeIgniter))
 9 FCPATH\index.php(59): CodeIgniter\Boot::bootWeb(Object(Config\Paths))
10 SYSTEMPATH\rewrite.php(44): require_once('C:\\xampp\\htdocs\\cobaweb\\public\\index.php')
CRITICAL - 2025-12-17 16:40:58 --> ErrorException: Undefined variable $lokasi
[Method: GET, Route: produk/2]
in APPPATH\Views\user\layout\header.php on line 32.
 1 APPPATH\Views\user\layout\header.php(32): CodeIgniter\Debug\Exceptions->errorHandler(2, 'Undefined variable $lokasi', 'C:\\xampp\\htdocs\\cobaweb\\app\\Views\\user\\layout\\header.php', 32)
 2 SYSTEMPATH\View\View.php(226): include('C:\\xampp\\htdocs\\cobaweb\\app\\Views\\user\\layout\\header.php')
 3 SYSTEMPATH\View\View.php(229): CodeIgniter\View\View->CodeIgniter\View\{closure}()
 4 SYSTEMPATH\View\View.php(475): CodeIgniter\View\View->render('user/layout/header', null, true)
 5 APPPATH\Views\user\produk\detail.php(1): CodeIgniter\View\View->include('user/layout/header')
 6 SYSTEMPATH\View\View.php(226): include('C:\\xampp\\htdocs\\cobaweb\\app\\Views\\user\\produk\\detail.php')
 7 SYSTEMPATH\View\View.php(229): CodeIgniter\View\View->CodeIgniter\View\{closure}()
 8 SYSTEMPATH\Common.php(1199): CodeIgniter\View\View->render('user/produk/detail', [], true)
 9 APPPATH\Controllers\User\Produk.php(44): view('user/produk/detail', [...])
10 SYSTEMPATH\CodeIgniter.php(933): App\Controllers\User\Produk->detail('2')
11 SYSTEMPATH\CodeIgniter.php(507): CodeIgniter\CodeIgniter->runController(Object(App\Controllers\User\Produk))
12 SYSTEMPATH\CodeIgniter.php(354): CodeIgniter\CodeIgniter->handleRequest(null, Object(Config\Cache), false)
13 SYSTEMPATH\Boot.php(363): CodeIgniter\CodeIgniter->run()
14 SYSTEMPATH\Boot.php(68): CodeIgniter\Boot::runCodeIgniter(Object(CodeIgniter\CodeIgniter))
15 FCPATH\index.php(59): CodeIgniter\Boot::bootWeb(Object(Config\Paths))
16 SYSTEMPATH\rewrite.php(44): require_once('C:\\xampp\\htdocs\\cobaweb\\public\\index.php')
CRITICAL - 2025-12-17 16:48:10 --> ErrorException: Undefined array key "nama_lokasi"
[Method: GET, Route: produk/lokasi/2]
in APPPATH\Views\user\lokasi\index.php on line 6.
 1 APPPATH\Views\user\lokasi\index.php(6): CodeIgniter\Debug\Exceptions->errorHandler(2, 'Undefined array key "nama_lokasi"', 'C:\\xampp\\htdocs\\cobaweb\\app\\Views\\user\\lokasi\\index.php', 6)
 2 SYSTEMPATH\View\View.php(226): include('C:\\xampp\\htdocs\\cobaweb\\app\\Views\\user\\lokasi\\index.php')
 3 SYSTEMPATH\View\View.php(229): CodeIgniter\View\View->CodeIgniter\View\{closure}()
 4 SYSTEMPATH\Common.php(1199): CodeIgniter\View\View->render('user/lokasi/index', [], true)
 5 APPPATH\Controllers\User\Produk.php(83): view('user/lokasi/index', [...])
 6 SYSTEMPATH\CodeIgniter.php(933): App\Controllers\User\Produk->lokasi('2')
 7 SYSTEMPATH\CodeIgniter.php(507): CodeIgniter\CodeIgniter->runController(Object(App\Controllers\User\Produk))
 8 SYSTEMPATH\CodeIgniter.php(354): CodeIgniter\CodeIgniter->handleRequest(null, Object(Config\Cache), false)
 9 SYSTEMPATH\Boot.php(363): CodeIgniter\CodeIgniter->run()
10 SYSTEMPATH\Boot.php(68): CodeIgniter\Boot::runCodeIgniter(Object(CodeIgniter\CodeIgniter))
11 FCPATH\index.php(59): CodeIgniter\Boot::bootWeb(Object(Config\Paths))
12 SYSTEMPATH\rewrite.php(44): require_once('C:\\xampp\\htdocs\\cobaweb\\public\\index.php')
WARNING - 2025-12-17 17:15:09 --> [DEPRECATED] nl2br(): Passing null to parameter #1 ($string) of type string is deprecated in APPPATH\Views\user\produk\detail.php on line 78.
 1 APPPATH\Views\user\produk\detail.php(78): nl2br(null)
 2 SYSTEMPATH\View\View.php(226): include('C:\\xampp\\htdocs\\cobaweb\\app\\Views\\user\\produk\\detail.php')
 3 SYSTEMPATH\View\View.php(229): CodeIgniter\View\View->CodeIgniter\View\{closure}()
 4 SYSTEMPATH\Common.php(1199): CodeIgniter\View\View->render('user/produk/detail', [], true)
 5 APPPATH\Controllers\User\Produk.php(44): view('user/produk/detail', [...])
 6 SYSTEMPATH\CodeIgniter.php(933): App\Controllers\User\Produk->detail('3')
 7 SYSTEMPATH\CodeIgniter.php(507): CodeIgniter\CodeIgniter->runController(Object(App\Controllers\User\Produk))
 8 SYSTEMPATH\CodeIgniter.php(354): CodeIgniter\CodeIgniter->handleRequest(null, Object(Config\Cache), false)
 9 SYSTEMPATH\Boot.php(363): CodeIgniter\CodeIgniter->run()
10 SYSTEMPATH\Boot.php(68): CodeIgniter\Boot::runCodeIgniter(Object(CodeIgniter\CodeIgniter))
11 FCPATH\index.php(59): CodeIgniter\Boot::bootWeb(Object(Config\Paths))
12 SYSTEMPATH\rewrite.php(44): require_once('C:\\xampp\\htdocs\\cobaweb\\public\\index.php')
WARNING - 2025-12-17 17:15:09 --> [DEPRECATED] explode(): Passing null to parameter #2 ($string) of type string is deprecated in APPPATH\Views\user\produk\detail.php on line 82.
 1 APPPATH\Views\user\produk\detail.php(82): explode('
', null)
 2 SYSTEMPATH\View\View.php(226): include('C:\\xampp\\htdocs\\cobaweb\\app\\Views\\user\\produk\\detail.php')
 3 SYSTEMPATH\View\View.php(229): CodeIgniter\View\View->CodeIgniter\View\{closure}()
 4 SYSTEMPATH\Common.php(1199): CodeIgniter\View\View->render('user/produk/detail', [], true)
 5 APPPATH\Controllers\User\Produk.php(44): view('user/produk/detail', [...])
 6 SYSTEMPATH\CodeIgniter.php(933): App\Controllers\User\Produk->detail('3')
 7 SYSTEMPATH\CodeIgniter.php(507): CodeIgniter\CodeIgniter->runController(Object(App\Controllers\User\Produk))
 8 SYSTEMPATH\CodeIgniter.php(354): CodeIgniter\CodeIgniter->handleRequest(null, Object(Config\Cache), false)
 9 SYSTEMPATH\Boot.php(363): CodeIgniter\CodeIgniter->run()
10 SYSTEMPATH\Boot.php(68): CodeIgniter\Boot::runCodeIgniter(Object(CodeIgniter\CodeIgniter))
11 FCPATH\index.php(59): CodeIgniter\Boot::bootWeb(Object(Config\Paths))
12 SYSTEMPATH\rewrite.php(44): require_once('C:\\xampp\\htdocs\\cobaweb\\public\\index.php')
