ERROR - 2026-04-25 16:54:20 --> Error connecting to the database: mysqli_sql_exception: Access denied for user ''@'localhost' (using password: NO) in C:\xamppBaru\htdocs\cobaweb2\system\Database\MySQLi\Connection.php:201
Stack trace:
#0 C:\xamppBaru\htdocs\cobaweb2\system\Database\MySQLi\Connection.php(201): mysqli->real_connect('localhost', '', Object(SensitiveParameterValue), '', 3306, '', 0)
#1 C:\xamppBaru\htdocs\cobaweb2\system\Database\BaseConnection.php(419): CodeIgniter\Database\MySQLi\Connection->connect(false)
#2 C:\xamppBaru\htdocs\cobaweb2\system\Database\BaseConnection.php(614): CodeIgniter\Database\BaseConnection->initialize()
#3 C:\xamppBaru\htdocs\cobaweb2\system\Database\BaseBuilder.php(1649): CodeIgniter\Database\BaseConnection->query('SELECT *\nFROM `...', Array, false)
#4 C:\xamppBaru\htdocs\cobaweb2\system\Model.php(286): CodeIgniter\Database\BaseBuilder->get()
#5 C:\xamppBaru\htdocs\cobaweb2\system\BaseModel.php(677): CodeIgniter\Model->doFindAll(0, 0)
#6 C:\xamppBaru\htdocs\cobaweb2\app\Controllers\BaseController.php(24): CodeIgniter\BaseModel->findAll()
#7 C:\xamppBaru\htdocs\cobaweb2\system\CodeIgniter.php(904): App\Controllers\BaseController->initController(Object(CodeIgniter\HTTP\IncomingRequest), Object(CodeIgniter\HTTP\Response), Object(CodeIgniter\Log\Logger))
#8 C:\xamppBaru\htdocs\cobaweb2\system\CodeIgniter.php(498): CodeIgniter\CodeIgniter->createController()
#9 C:\xamppBaru\htdocs\cobaweb2\system\CodeIgniter.php(354): CodeIgniter\CodeIgniter->handleRequest(NULL, Object(Config\Cache), false)
#10 C:\xamppBaru\htdocs\cobaweb2\system\Boot.php(363): CodeIgniter\CodeIgniter->run()
#11 C:\xamppBaru\htdocs\cobaweb2\system\Boot.php(68): CodeIgniter\Boot::runCodeIgniter(Object(CodeIgniter\CodeIgniter))
#12 C:\xamppBaru\htdocs\cobaweb2\public\index.php(59): CodeIgniter\Boot::bootWeb(Object(Config\Paths))
#13 C:\xamppBaru\htdocs\cobaweb2\system\rewrite.php(44): require_once('C:\\xamppBaru\\ht...')
#14 {main}

Next CodeIgniter\Database\Exceptions\DatabaseException: Access denied for user ''@'localhost' (using password: NO) in C:\xamppBaru\htdocs\cobaweb2\system\Database\MySQLi\Connection.php:246
Stack trace:
#0 C:\xamppBaru\htdocs\cobaweb2\system\Database\BaseConnection.php(419): CodeIgniter\Database\MySQLi\Connection->connect(false)
#1 C:\xamppBaru\htdocs\cobaweb2\system\Database\BaseConnection.php(614): CodeIgniter\Database\BaseConnection->initialize()
#2 C:\xamppBaru\htdocs\cobaweb2\system\Database\BaseBuilder.php(1649): CodeIgniter\Database\BaseConnection->query('SELECT *\nFROM `...', Array, false)
#3 C:\xamppBaru\htdocs\cobaweb2\system\Model.php(286): CodeIgniter\Database\BaseBuilder->get()
#4 C:\xamppBaru\htdocs\cobaweb2\system\BaseModel.php(677): CodeIgniter\Model->doFindAll(0, 0)
#5 C:\xamppBaru\htdocs\cobaweb2\app\Controllers\BaseController.php(24): CodeIgniter\BaseModel->findAll()
#6 C:\xamppBaru\htdocs\cobaweb2\system\CodeIgniter.php(904): App\Controllers\BaseController->initController(Object(CodeIgniter\HTTP\IncomingRequest), Object(CodeIgniter\HTTP\Response), Object(CodeIgniter\Log\Logger))
#7 C:\xamppBaru\htdocs\cobaweb2\system\CodeIgniter.php(498): CodeIgniter\CodeIgniter->createController()
#8 C:\xamppBaru\htdocs\cobaweb2\system\CodeIgniter.php(354): CodeIgniter\CodeIgniter->handleRequest(NULL, Object(Config\Cache), false)
#9 C:\xamppBaru\htdocs\cobaweb2\system\Boot.php(363): CodeIgniter\CodeIgniter->run()
#10 C:\xamppBaru\htdocs\cobaweb2\system\Boot.php(68): CodeIgniter\Boot::runCodeIgniter(Object(CodeIgniter\CodeIgniter))
#11 C:\xamppBaru\htdocs\cobaweb2\public\index.php(59): CodeIgniter\Boot::bootWeb(Object(Config\Paths))
#12 C:\xamppBaru\htdocs\cobaweb2\system\rewrite.php(44): require_once('C:\\xamppBaru\\ht...')
#13 {main}
CRITICAL - 2026-04-25 16:54:20 --> CodeIgniter\Database\Exceptions\DatabaseException: Unable to connect to the database.
Main connection [MySQLi]: Access denied for user ''@'localhost' (using password: NO)
[Method: GET, Route: /]
in SYSTEMPATH\Database\BaseConnection.php on line 465.
 1 SYSTEMPATH\Database\BaseConnection.php(614): CodeIgniter\Database\BaseConnection->initialize()
 2 SYSTEMPATH\Database\BaseBuilder.php(1649): CodeIgniter\Database\BaseConnection->query('SELECT *
FROM `lokasi`', [], false)
 3 SYSTEMPATH\Model.php(286): CodeIgniter\Database\BaseBuilder->get()
 4 SYSTEMPATH\BaseModel.php(677): CodeIgniter\Model->doFindAll(0, 0)
 5 APPPATH\Controllers\BaseController.php(24): CodeIgniter\BaseModel->findAll()
 6 SYSTEMPATH\CodeIgniter.php(904): App\Controllers\BaseController->initController(Object(CodeIgniter\HTTP\IncomingRequest), Object(CodeIgniter\HTTP\Response), Object(CodeIgniter\Log\Logger))
 7 SYSTEMPATH\CodeIgniter.php(498): CodeIgniter\CodeIgniter->createController()
 8 SYSTEMPATH\CodeIgniter.php(354): CodeIgniter\CodeIgniter->handleRequest(null, Object(Config\Cache), false)
 9 SYSTEMPATH\Boot.php(363): CodeIgniter\CodeIgniter->run()
10 SYSTEMPATH\Boot.php(68): CodeIgniter\Boot::runCodeIgniter(Object(CodeIgniter\CodeIgniter))
11 FCPATH\index.php(59): CodeIgniter\Boot::bootWeb(Object(Config\Paths))
12 SYSTEMPATH\rewrite.php(44): require_once('C:\\xamppBaru\\htdocs\\cobaweb2\\public\\index.php')
ERROR - 2026-04-25 16:54:45 --> Error connecting to the database: mysqli_sql_exception: Access denied for user ''@'localhost' (using password: NO) in C:\xamppBaru\htdocs\cobaweb2\system\Database\MySQLi\Connection.php:201
Stack trace:
#0 C:\xamppBaru\htdocs\cobaweb2\system\Database\MySQLi\Connection.php(201): mysqli->real_connect('localhost', '', Object(SensitiveParameterValue), '', 3306, '', 0)
#1 C:\xamppBaru\htdocs\cobaweb2\system\Database\BaseConnection.php(419): CodeIgniter\Database\MySQLi\Connection->connect(false)
#2 C:\xamppBaru\htdocs\cobaweb2\system\Database\BaseConnection.php(614): CodeIgniter\Database\BaseConnection->initialize()
#3 C:\xamppBaru\htdocs\cobaweb2\system\Database\BaseBuilder.php(1649): CodeIgniter\Database\BaseConnection->query('SELECT *\nFROM `...', Array, false)
#4 C:\xamppBaru\htdocs\cobaweb2\system\Model.php(286): CodeIgniter\Database\BaseBuilder->get()
#5 C:\xamppBaru\htdocs\cobaweb2\system\BaseModel.php(677): CodeIgniter\Model->doFindAll(0, 0)
#6 C:\xamppBaru\htdocs\cobaweb2\app\Controllers\BaseController.php(24): CodeIgniter\BaseModel->findAll()
#7 C:\xamppBaru\htdocs\cobaweb2\system\CodeIgniter.php(904): App\Controllers\BaseController->initController(Object(CodeIgniter\HTTP\IncomingRequest), Object(CodeIgniter\HTTP\Response), Object(CodeIgniter\Log\Logger))
#8 C:\xamppBaru\htdocs\cobaweb2\system\CodeIgniter.php(498): CodeIgniter\CodeIgniter->createController()
#9 C:\xamppBaru\htdocs\cobaweb2\system\CodeIgniter.php(354): CodeIgniter\CodeIgniter->handleRequest(NULL, Object(Config\Cache), false)
#10 C:\xamppBaru\htdocs\cobaweb2\system\Boot.php(363): CodeIgniter\CodeIgniter->run()
#11 C:\xamppBaru\htdocs\cobaweb2\system\Boot.php(68): CodeIgniter\Boot::runCodeIgniter(Object(CodeIgniter\CodeIgniter))
#12 C:\xamppBaru\htdocs\cobaweb2\public\index.php(59): CodeIgniter\Boot::bootWeb(Object(Config\Paths))
#13 C:\xamppBaru\htdocs\cobaweb2\system\rewrite.php(44): require_once('C:\\xamppBaru\\ht...')
#14 {main}

Next CodeIgniter\Database\Exceptions\DatabaseException: Access denied for user ''@'localhost' (using password: NO) in C:\xamppBaru\htdocs\cobaweb2\system\Database\MySQLi\Connection.php:246
Stack trace:
#0 C:\xamppBaru\htdocs\cobaweb2\system\Database\BaseConnection.php(419): CodeIgniter\Database\MySQLi\Connection->connect(false)
#1 C:\xamppBaru\htdocs\cobaweb2\system\Database\BaseConnection.php(614): CodeIgniter\Database\BaseConnection->initialize()
#2 C:\xamppBaru\htdocs\cobaweb2\system\Database\BaseBuilder.php(1649): CodeIgniter\Database\BaseConnection->query('SELECT *\nFROM `...', Array, false)
#3 C:\xamppBaru\htdocs\cobaweb2\system\Model.php(286): CodeIgniter\Database\BaseBuilder->get()
#4 C:\xamppBaru\htdocs\cobaweb2\system\BaseModel.php(677): CodeIgniter\Model->doFindAll(0, 0)
#5 C:\xamppBaru\htdocs\cobaweb2\app\Controllers\BaseController.php(24): CodeIgniter\BaseModel->findAll()
#6 C:\xamppBaru\htdocs\cobaweb2\system\CodeIgniter.php(904): App\Controllers\BaseController->initController(Object(CodeIgniter\HTTP\IncomingRequest), Object(CodeIgniter\HTTP\Response), Object(CodeIgniter\Log\Logger))
#7 C:\xamppBaru\htdocs\cobaweb2\system\CodeIgniter.php(498): CodeIgniter\CodeIgniter->createController()
#8 C:\xamppBaru\htdocs\cobaweb2\system\CodeIgniter.php(354): CodeIgniter\CodeIgniter->handleRequest(NULL, Object(Config\Cache), false)
#9 C:\xamppBaru\htdocs\cobaweb2\system\Boot.php(363): CodeIgniter\CodeIgniter->run()
#10 C:\xamppBaru\htdocs\cobaweb2\system\Boot.php(68): CodeIgniter\Boot::runCodeIgniter(Object(CodeIgniter\CodeIgniter))
#11 C:\xamppBaru\htdocs\cobaweb2\public\index.php(59): CodeIgniter\Boot::bootWeb(Object(Config\Paths))
#12 C:\xamppBaru\htdocs\cobaweb2\system\rewrite.php(44): require_once('C:\\xamppBaru\\ht...')
#13 {main}
CRITICAL - 2026-04-25 16:54:45 --> CodeIgniter\Database\Exceptions\DatabaseException: Unable to connect to the database.
Main connection [MySQLi]: Access denied for user ''@'localhost' (using password: NO)
[Method: GET, Route: login.php]
in SYSTEMPATH\Database\BaseConnection.php on line 465.
 1 SYSTEMPATH\Database\BaseConnection.php(614): CodeIgniter\Database\BaseConnection->initialize()
 2 SYSTEMPATH\Database\BaseBuilder.php(1649): CodeIgniter\Database\BaseConnection->query('SELECT *
FROM `lokasi`', [], false)
 3 SYSTEMPATH\Model.php(286): CodeIgniter\Database\BaseBuilder->get()
 4 SYSTEMPATH\BaseModel.php(677): CodeIgniter\Model->doFindAll(0, 0)
 5 APPPATH\Controllers\BaseController.php(24): CodeIgniter\BaseModel->findAll()
 6 SYSTEMPATH\CodeIgniter.php(904): App\Controllers\BaseController->initController(Object(CodeIgniter\HTTP\IncomingRequest), Object(CodeIgniter\HTTP\Response), Object(CodeIgniter\Log\Logger))
 7 SYSTEMPATH\CodeIgniter.php(498): CodeIgniter\CodeIgniter->createController()
 8 SYSTEMPATH\CodeIgniter.php(354): CodeIgniter\CodeIgniter->handleRequest(null, Object(Config\Cache), false)
 9 SYSTEMPATH\Boot.php(363): CodeIgniter\CodeIgniter->run()
10 SYSTEMPATH\Boot.php(68): CodeIgniter\Boot::runCodeIgniter(Object(CodeIgniter\CodeIgniter))
11 FCPATH\index.php(59): CodeIgniter\Boot::bootWeb(Object(Config\Paths))
12 SYSTEMPATH\rewrite.php(44): require_once('C:\\xamppBaru\\htdocs\\cobaweb2\\public\\index.php')
ERROR - 2026-04-25 16:55:26 --> Error connecting to the database: mysqli_sql_exception: Access denied for user ''@'localhost' (using password: NO) in C:\xamppBaru\htdocs\cobaweb2\system\Database\MySQLi\Connection.php:201
Stack trace:
#0 C:\xamppBaru\htdocs\cobaweb2\system\Database\MySQLi\Connection.php(201): mysqli->real_connect('localhost', '', Object(SensitiveParameterValue), '', 3306, '', 0)
#1 C:\xamppBaru\htdocs\cobaweb2\system\Database\BaseConnection.php(419): CodeIgniter\Database\MySQLi\Connection->connect(false)
#2 C:\xamppBaru\htdocs\cobaweb2\system\Database\BaseConnection.php(614): CodeIgniter\Database\BaseConnection->initialize()
#3 C:\xamppBaru\htdocs\cobaweb2\system\Database\BaseBuilder.php(1649): CodeIgniter\Database\BaseConnection->query('SELECT *\nFROM `...', Array, false)
#4 C:\xamppBaru\htdocs\cobaweb2\system\Model.php(286): CodeIgniter\Database\BaseBuilder->get()
#5 C:\xamppBaru\htdocs\cobaweb2\system\BaseModel.php(677): CodeIgniter\Model->doFindAll(0, 0)
#6 C:\xamppBaru\htdocs\cobaweb2\app\Controllers\BaseController.php(24): CodeIgniter\BaseModel->findAll()
#7 C:\xamppBaru\htdocs\cobaweb2\system\CodeIgniter.php(904): App\Controllers\BaseController->initController(Object(CodeIgniter\HTTP\IncomingRequest), Object(CodeIgniter\HTTP\Response), Object(CodeIgniter\Log\Logger))
#8 C:\xamppBaru\htdocs\cobaweb2\system\CodeIgniter.php(498): CodeIgniter\CodeIgniter->createController()
#9 C:\xamppBaru\htdocs\cobaweb2\system\CodeIgniter.php(354): CodeIgniter\CodeIgniter->handleRequest(NULL, Object(Config\Cache), false)
#10 C:\xamppBaru\htdocs\cobaweb2\system\Boot.php(363): CodeIgniter\CodeIgniter->run()
#11 C:\xamppBaru\htdocs\cobaweb2\system\Boot.php(68): CodeIgniter\Boot::runCodeIgniter(Object(CodeIgniter\CodeIgniter))
#12 C:\xamppBaru\htdocs\cobaweb2\public\index.php(59): CodeIgniter\Boot::bootWeb(Object(Config\Paths))
#13 C:\xamppBaru\htdocs\cobaweb2\system\rewrite.php(44): require_once('C:\\xamppBaru\\ht...')
#14 {main}

Next CodeIgniter\Database\Exceptions\DatabaseException: Access denied for user ''@'localhost' (using password: NO) in C:\xamppBaru\htdocs\cobaweb2\system\Database\MySQLi\Connection.php:246
Stack trace:
#0 C:\xamppBaru\htdocs\cobaweb2\system\Database\BaseConnection.php(419): CodeIgniter\Database\MySQLi\Connection->connect(false)
#1 C:\xamppBaru\htdocs\cobaweb2\system\Database\BaseConnection.php(614): CodeIgniter\Database\BaseConnection->initialize()
#2 C:\xamppBaru\htdocs\cobaweb2\system\Database\BaseBuilder.php(1649): CodeIgniter\Database\BaseConnection->query('SELECT *\nFROM `...', Array, false)
#3 C:\xamppBaru\htdocs\cobaweb2\system\Model.php(286): CodeIgniter\Database\BaseBuilder->get()
#4 C:\xamppBaru\htdocs\cobaweb2\system\BaseModel.php(677): CodeIgniter\Model->doFindAll(0, 0)
#5 C:\xamppBaru\htdocs\cobaweb2\app\Controllers\BaseController.php(24): CodeIgniter\BaseModel->findAll()
#6 C:\xamppBaru\htdocs\cobaweb2\system\CodeIgniter.php(904): App\Controllers\BaseController->initController(Object(CodeIgniter\HTTP\IncomingRequest), Object(CodeIgniter\HTTP\Response), Object(CodeIgniter\Log\Logger))
#7 C:\xamppBaru\htdocs\cobaweb2\system\CodeIgniter.php(498): CodeIgniter\CodeIgniter->createController()
#8 C:\xamppBaru\htdocs\cobaweb2\system\CodeIgniter.php(354): CodeIgniter\CodeIgniter->handleRequest(NULL, Object(Config\Cache), false)
#9 C:\xamppBaru\htdocs\cobaweb2\system\Boot.php(363): CodeIgniter\CodeIgniter->run()
#10 C:\xamppBaru\htdocs\cobaweb2\system\Boot.php(68): CodeIgniter\Boot::runCodeIgniter(Object(CodeIgniter\CodeIgniter))
#11 C:\xamppBaru\htdocs\cobaweb2\public\index.php(59): CodeIgniter\Boot::bootWeb(Object(Config\Paths))
#12 C:\xamppBaru\htdocs\cobaweb2\system\rewrite.php(44): require_once('C:\\xamppBaru\\ht...')
#13 {main}
CRITICAL - 2026-04-25 16:55:26 --> CodeIgniter\Database\Exceptions\DatabaseException: Unable to connect to the database.
Main connection [MySQLi]: Access denied for user ''@'localhost' (using password: NO)
[Method: GET, Route: /]
in SYSTEMPATH\Database\BaseConnection.php on line 465.
 1 SYSTEMPATH\Database\BaseConnection.php(614): CodeIgniter\Database\BaseConnection->initialize()
 2 SYSTEMPATH\Database\BaseBuilder.php(1649): CodeIgniter\Database\BaseConnection->query('SELECT *
FROM `lokasi`', [], false)
 3 SYSTEMPATH\Model.php(286): CodeIgniter\Database\BaseBuilder->get()
 4 SYSTEMPATH\BaseModel.php(677): CodeIgniter\Model->doFindAll(0, 0)
 5 APPPATH\Controllers\BaseController.php(24): CodeIgniter\BaseModel->findAll()
 6 SYSTEMPATH\CodeIgniter.php(904): App\Controllers\BaseController->initController(Object(CodeIgniter\HTTP\IncomingRequest), Object(CodeIgniter\HTTP\Response), Object(CodeIgniter\Log\Logger))
 7 SYSTEMPATH\CodeIgniter.php(498): CodeIgniter\CodeIgniter->createController()
 8 SYSTEMPATH\CodeIgniter.php(354): CodeIgniter\CodeIgniter->handleRequest(null, Object(Config\Cache), false)
 9 SYSTEMPATH\Boot.php(363): CodeIgniter\CodeIgniter->run()
10 SYSTEMPATH\Boot.php(68): CodeIgniter\Boot::runCodeIgniter(Object(CodeIgniter\CodeIgniter))
11 FCPATH\index.php(59): CodeIgniter\Boot::bootWeb(Object(Config\Paths))
12 SYSTEMPATH\rewrite.php(44): require_once('C:\\xamppBaru\\htdocs\\cobaweb2\\public\\index.php')
ERROR - 2026-04-25 16:58:52 --> Error connecting to the database: mysqli_sql_exception: Access denied for user ''@'localhost' (using password: NO) in C:\xamppBaru\htdocs\cobaweb2\system\Database\MySQLi\Connection.php:201
Stack trace:
#0 C:\xamppBaru\htdocs\cobaweb2\system\Database\MySQLi\Connection.php(201): mysqli->real_connect('localhost', '', Object(SensitiveParameterValue), '', 3306, '', 0)
#1 C:\xamppBaru\htdocs\cobaweb2\system\Database\BaseConnection.php(419): CodeIgniter\Database\MySQLi\Connection->connect(false)
#2 C:\xamppBaru\htdocs\cobaweb2\system\Database\BaseConnection.php(614): CodeIgniter\Database\BaseConnection->initialize()
#3 C:\xamppBaru\htdocs\cobaweb2\system\Database\BaseBuilder.php(1649): CodeIgniter\Database\BaseConnection->query('SELECT *\nFROM `...', Array, false)
#4 C:\xamppBaru\htdocs\cobaweb2\system\Model.php(286): CodeIgniter\Database\BaseBuilder->get()
#5 C:\xamppBaru\htdocs\cobaweb2\system\BaseModel.php(677): CodeIgniter\Model->doFindAll(0, 0)
#6 C:\xamppBaru\htdocs\cobaweb2\app\Controllers\BaseController.php(24): CodeIgniter\BaseModel->findAll()
#7 C:\xamppBaru\htdocs\cobaweb2\system\CodeIgniter.php(904): App\Controllers\BaseController->initController(Object(CodeIgniter\HTTP\IncomingRequest), Object(CodeIgniter\HTTP\Response), Object(CodeIgniter\Log\Logger))
#8 C:\xamppBaru\htdocs\cobaweb2\system\CodeIgniter.php(498): CodeIgniter\CodeIgniter->createController()
#9 C:\xamppBaru\htdocs\cobaweb2\system\CodeIgniter.php(354): CodeIgniter\CodeIgniter->handleRequest(NULL, Object(Config\Cache), false)
#10 C:\xamppBaru\htdocs\cobaweb2\system\Boot.php(363): CodeIgniter\CodeIgniter->run()
#11 C:\xamppBaru\htdocs\cobaweb2\system\Boot.php(68): CodeIgniter\Boot::runCodeIgniter(Object(CodeIgniter\CodeIgniter))
#12 C:\xamppBaru\htdocs\cobaweb2\public\index.php(59): CodeIgniter\Boot::bootWeb(Object(Config\Paths))
#13 C:\xamppBaru\htdocs\cobaweb2\system\rewrite.php(44): require_once('C:\\xamppBaru\\ht...')
#14 {main}

Next CodeIgniter\Database\Exceptions\DatabaseException: Access denied for user ''@'localhost' (using password: NO) in C:\xamppBaru\htdocs\cobaweb2\system\Database\MySQLi\Connection.php:246
Stack trace:
#0 C:\xamppBaru\htdocs\cobaweb2\system\Database\BaseConnection.php(419): CodeIgniter\Database\MySQLi\Connection->connect(false)
#1 C:\xamppBaru\htdocs\cobaweb2\system\Database\BaseConnection.php(614): CodeIgniter\Database\BaseConnection->initialize()
#2 C:\xamppBaru\htdocs\cobaweb2\system\Database\BaseBuilder.php(1649): CodeIgniter\Database\BaseConnection->query('SELECT *\nFROM `...', Array, false)
#3 C:\xamppBaru\htdocs\cobaweb2\system\Model.php(286): CodeIgniter\Database\BaseBuilder->get()
#4 C:\xamppBaru\htdocs\cobaweb2\system\BaseModel.php(677): CodeIgniter\Model->doFindAll(0, 0)
#5 C:\xamppBaru\htdocs\cobaweb2\app\Controllers\BaseController.php(24): CodeIgniter\BaseModel->findAll()
#6 C:\xamppBaru\htdocs\cobaweb2\system\CodeIgniter.php(904): App\Controllers\BaseController->initController(Object(CodeIgniter\HTTP\IncomingRequest), Object(CodeIgniter\HTTP\Response), Object(CodeIgniter\Log\Logger))
#7 C:\xamppBaru\htdocs\cobaweb2\system\CodeIgniter.php(498): CodeIgniter\CodeIgniter->createController()
#8 C:\xamppBaru\htdocs\cobaweb2\system\CodeIgniter.php(354): CodeIgniter\CodeIgniter->handleRequest(NULL, Object(Config\Cache), false)
#9 C:\xamppBaru\htdocs\cobaweb2\system\Boot.php(363): CodeIgniter\CodeIgniter->run()
#10 C:\xamppBaru\htdocs\cobaweb2\system\Boot.php(68): CodeIgniter\Boot::runCodeIgniter(Object(CodeIgniter\CodeIgniter))
#11 C:\xamppBaru\htdocs\cobaweb2\public\index.php(59): CodeIgniter\Boot::bootWeb(Object(Config\Paths))
#12 C:\xamppBaru\htdocs\cobaweb2\system\rewrite.php(44): require_once('C:\\xamppBaru\\ht...')
#13 {main}
CRITICAL - 2026-04-25 16:58:52 --> CodeIgniter\Database\Exceptions\DatabaseException: Unable to connect to the database.
Main connection [MySQLi]: Access denied for user ''@'localhost' (using password: NO)
[Method: GET, Route: /]
in SYSTEMPATH\Database\BaseConnection.php on line 465.
 1 SYSTEMPATH\Database\BaseConnection.php(614): CodeIgniter\Database\BaseConnection->initialize()
 2 SYSTEMPATH\Database\BaseBuilder.php(1649): CodeIgniter\Database\BaseConnection->query('SELECT *
FROM `lokasi`', [], false)
 3 SYSTEMPATH\Model.php(286): CodeIgniter\Database\BaseBuilder->get()
 4 SYSTEMPATH\BaseModel.php(677): CodeIgniter\Model->doFindAll(0, 0)
 5 APPPATH\Controllers\BaseController.php(24): CodeIgniter\BaseModel->findAll()
 6 SYSTEMPATH\CodeIgniter.php(904): App\Controllers\BaseController->initController(Object(CodeIgniter\HTTP\IncomingRequest), Object(CodeIgniter\HTTP\Response), Object(CodeIgniter\Log\Logger))
 7 SYSTEMPATH\CodeIgniter.php(498): CodeIgniter\CodeIgniter->createController()
 8 SYSTEMPATH\CodeIgniter.php(354): CodeIgniter\CodeIgniter->handleRequest(null, Object(Config\Cache), false)
 9 SYSTEMPATH\Boot.php(363): CodeIgniter\CodeIgniter->run()
10 SYSTEMPATH\Boot.php(68): CodeIgniter\Boot::runCodeIgniter(Object(CodeIgniter\CodeIgniter))
11 FCPATH\index.php(59): CodeIgniter\Boot::bootWeb(Object(Config\Paths))
12 SYSTEMPATH\rewrite.php(44): require_once('C:\\xamppBaru\\htdocs\\cobaweb2\\public\\index.php')
ERROR - 2026-04-25 17:01:05 --> Error connecting to the database: mysqli_sql_exception: Unknown database 'dipw2' in C:\xamppBaru\htdocs\cobaweb2\system\Database\MySQLi\Connection.php:201
Stack trace:
#0 C:\xamppBaru\htdocs\cobaweb2\system\Database\MySQLi\Connection.php(201): mysqli->real_connect('localhost', 'root', Object(SensitiveParameterValue), 'dipw2', 3306, '', 0)
#1 C:\xamppBaru\htdocs\cobaweb2\system\Database\BaseConnection.php(419): CodeIgniter\Database\MySQLi\Connection->connect(false)
#2 C:\xamppBaru\htdocs\cobaweb2\system\Database\BaseConnection.php(614): CodeIgniter\Database\BaseConnection->initialize()
#3 C:\xamppBaru\htdocs\cobaweb2\system\Database\BaseBuilder.php(1649): CodeIgniter\Database\BaseConnection->query('SELECT *\nFROM `...', Array, false)
#4 C:\xamppBaru\htdocs\cobaweb2\system\Model.php(286): CodeIgniter\Database\BaseBuilder->get()
#5 C:\xamppBaru\htdocs\cobaweb2\system\BaseModel.php(677): CodeIgniter\Model->doFindAll(0, 0)
#6 C:\xamppBaru\htdocs\cobaweb2\app\Controllers\BaseController.php(24): CodeIgniter\BaseModel->findAll()
#7 C:\xamppBaru\htdocs\cobaweb2\system\CodeIgniter.php(904): App\Controllers\BaseController->initController(Object(CodeIgniter\HTTP\IncomingRequest), Object(CodeIgniter\HTTP\Response), Object(CodeIgniter\Log\Logger))
#8 C:\xamppBaru\htdocs\cobaweb2\system\CodeIgniter.php(498): CodeIgniter\CodeIgniter->createController()
#9 C:\xamppBaru\htdocs\cobaweb2\system\CodeIgniter.php(354): CodeIgniter\CodeIgniter->handleRequest(NULL, Object(Config\Cache), false)
#10 C:\xamppBaru\htdocs\cobaweb2\system\Boot.php(363): CodeIgniter\CodeIgniter->run()
#11 C:\xamppBaru\htdocs\cobaweb2\system\Boot.php(68): CodeIgniter\Boot::runCodeIgniter(Object(CodeIgniter\CodeIgniter))
#12 C:\xamppBaru\htdocs\cobaweb2\public\index.php(59): CodeIgniter\Boot::bootWeb(Object(Config\Paths))
#13 C:\xamppBaru\htdocs\cobaweb2\system\rewrite.php(44): require_once('C:\\xamppBaru\\ht...')
#14 {main}

Next CodeIgniter\Database\Exceptions\DatabaseException: Unknown database 'dipw2' in C:\xamppBaru\htdocs\cobaweb2\system\Database\MySQLi\Connection.php:246
Stack trace:
#0 C:\xamppBaru\htdocs\cobaweb2\system\Database\BaseConnection.php(419): CodeIgniter\Database\MySQLi\Connection->connect(false)
#1 C:\xamppBaru\htdocs\cobaweb2\system\Database\BaseConnection.php(614): CodeIgniter\Database\BaseConnection->initialize()
#2 C:\xamppBaru\htdocs\cobaweb2\system\Database\BaseBuilder.php(1649): CodeIgniter\Database\BaseConnection->query('SELECT *\nFROM `...', Array, false)
#3 C:\xamppBaru\htdocs\cobaweb2\system\Model.php(286): CodeIgniter\Database\BaseBuilder->get()
#4 C:\xamppBaru\htdocs\cobaweb2\system\BaseModel.php(677): CodeIgniter\Model->doFindAll(0, 0)
#5 C:\xamppBaru\htdocs\cobaweb2\app\Controllers\BaseController.php(24): CodeIgniter\BaseModel->findAll()
#6 C:\xamppBaru\htdocs\cobaweb2\system\CodeIgniter.php(904): App\Controllers\BaseController->initController(Object(CodeIgniter\HTTP\IncomingRequest), Object(CodeIgniter\HTTP\Response), Object(CodeIgniter\Log\Logger))
#7 C:\xamppBaru\htdocs\cobaweb2\system\CodeIgniter.php(498): CodeIgniter\CodeIgniter->createController()
#8 C:\xamppBaru\htdocs\cobaweb2\system\CodeIgniter.php(354): CodeIgniter\CodeIgniter->handleRequest(NULL, Object(Config\Cache), false)
#9 C:\xamppBaru\htdocs\cobaweb2\system\Boot.php(363): CodeIgniter\CodeIgniter->run()
#10 C:\xamppBaru\htdocs\cobaweb2\system\Boot.php(68): CodeIgniter\Boot::runCodeIgniter(Object(CodeIgniter\CodeIgniter))
#11 C:\xamppBaru\htdocs\cobaweb2\public\index.php(59): CodeIgniter\Boot::bootWeb(Object(Config\Paths))
#12 C:\xamppBaru\htdocs\cobaweb2\system\rewrite.php(44): require_once('C:\\xamppBaru\\ht...')
#13 {main}
CRITICAL - 2026-04-25 17:01:05 --> CodeIgniter\Database\Exceptions\DatabaseException: Unable to connect to the database.
Main connection [MySQLi]: Unknown database 'dipw2'
[Method: GET, Route: /]
in SYSTEMPATH\Database\BaseConnection.php on line 465.
 1 SYSTEMPATH\Database\BaseConnection.php(614): CodeIgniter\Database\BaseConnection->initialize()
 2 SYSTEMPATH\Database\BaseBuilder.php(1649): CodeIgniter\Database\BaseConnection->query('SELECT *
FROM `lokasi`', [], false)
 3 SYSTEMPATH\Model.php(286): CodeIgniter\Database\BaseBuilder->get()
 4 SYSTEMPATH\BaseModel.php(677): CodeIgniter\Model->doFindAll(0, 0)
 5 APPPATH\Controllers\BaseController.php(24): CodeIgniter\BaseModel->findAll()
 6 SYSTEMPATH\CodeIgniter.php(904): App\Controllers\BaseController->initController(Object(CodeIgniter\HTTP\IncomingRequest), Object(CodeIgniter\HTTP\Response), Object(CodeIgniter\Log\Logger))
 7 SYSTEMPATH\CodeIgniter.php(498): CodeIgniter\CodeIgniter->createController()
 8 SYSTEMPATH\CodeIgniter.php(354): CodeIgniter\CodeIgniter->handleRequest(null, Object(Config\Cache), false)
 9 SYSTEMPATH\Boot.php(363): CodeIgniter\CodeIgniter->run()
10 SYSTEMPATH\Boot.php(68): CodeIgniter\Boot::runCodeIgniter(Object(CodeIgniter\CodeIgniter))
11 FCPATH\index.php(59): CodeIgniter\Boot::bootWeb(Object(Config\Paths))
12 SYSTEMPATH\rewrite.php(44): require_once('C:\\xamppBaru\\htdocs\\cobaweb2\\public\\index.php')
DEBUG - 2026-04-25 17:04:16 --> Session: Class initialized using 'CodeIgniter\Session\Handlers\FileHandler' driver.
DEBUG - 2026-04-25 17:04:23 --> Session: Class initialized using 'CodeIgniter\Session\Handlers\FileHandler' driver.
DEBUG - 2026-04-25 17:04:23 --> Session: Class initialized using 'CodeIgniter\Session\Handlers\FileHandler' driver.
DEBUG - 2026-04-25 17:04:50 --> Session: Class initialized using 'CodeIgniter\Session\Handlers\FileHandler' driver.
DEBUG - 2026-04-25 17:05:41 --> Session: Class initialized using 'CodeIgniter\Session\Handlers\FileHandler' driver.
ERROR - 2026-04-25 17:05:43 --> mysqli_sql_exception: Duplicate entry '0' for key 'PRIMARY' in C:\xamppBaru\htdocs\cobaweb2\system\Database\MySQLi\Connection.php:327
Stack trace:
#0 C:\xamppBaru\htdocs\cobaweb2\system\Database\MySQLi\Connection.php(327): mysqli->query('INSERT INTO `au...', 0)
#1 C:\xamppBaru\htdocs\cobaweb2\system\Database\BaseConnection.php(729): CodeIgniter\Database\MySQLi\Connection->execute('INSERT INTO `au...')
#2 C:\xamppBaru\htdocs\cobaweb2\system\Database\BaseConnection.php(646): CodeIgniter\Database\BaseConnection->simpleQuery('INSERT INTO `au...')
#3 C:\xamppBaru\htdocs\cobaweb2\system\Database\BaseBuilder.php(2345): CodeIgniter\Database\BaseConnection->query('INSERT INTO `au...', Array, false)
#4 C:\xamppBaru\htdocs\cobaweb2\system\Model.php(394): CodeIgniter\Database\BaseBuilder->insert()
#5 C:\xamppBaru\htdocs\cobaweb2\system\BaseModel.php(838): CodeIgniter\Model->doInsert(Array)
#6 C:\xamppBaru\htdocs\cobaweb2\system\Model.php(797): CodeIgniter\BaseModel->insert(Array, true)
#7 C:\xamppBaru\htdocs\cobaweb2\vendor\myth\auth\src\Authentication\AuthenticationBase.php(193): CodeIgniter\Model->insert(Array)
#8 C:\xamppBaru\htdocs\cobaweb2\vendor\myth\auth\src\Authentication\AuthenticationBase.php(88): Myth\Auth\Authentication\AuthenticationBase->recordLoginAttempt('adm@gmail.com', '::1', 10, true)
#9 C:\xamppBaru\htdocs\cobaweb2\vendor\myth\auth\src\Authentication\LocalAuthenticator.php(59): Myth\Auth\Authentication\AuthenticationBase->login(Object(Myth\Auth\Entities\User), false)
#10 C:\xamppBaru\htdocs\cobaweb2\app\Controllers\AuthController.php(46): Myth\Auth\Authentication\LocalAuthenticator->attempt(Array, false)
#11 C:\xamppBaru\htdocs\cobaweb2\system\CodeIgniter.php(933): App\Controllers\AuthController->attemptLogin()
#12 C:\xamppBaru\htdocs\cobaweb2\system\CodeIgniter.php(507): CodeIgniter\CodeIgniter->runController(Object(App\Controllers\AuthController))
#13 C:\xamppBaru\htdocs\cobaweb2\system\CodeIgniter.php(354): CodeIgniter\CodeIgniter->handleRequest(NULL, Object(Config\Cache), false)
#14 C:\xamppBaru\htdocs\cobaweb2\system\Boot.php(363): CodeIgniter\CodeIgniter->run()
#15 C:\xamppBaru\htdocs\cobaweb2\system\Boot.php(68): CodeIgniter\Boot::runCodeIgniter(Object(CodeIgniter\CodeIgniter))
#16 C:\xamppBaru\htdocs\cobaweb2\public\index.php(59): CodeIgniter\Boot::bootWeb(Object(Config\Paths))
#17 C:\xamppBaru\htdocs\cobaweb2\system\rewrite.php(44): require_once('C:\\xamppBaru\\ht...')
#18 {main}
CRITICAL - 2026-04-25 17:05:43 --> CodeIgniter\Database\Exceptions\DatabaseException: Duplicate entry '0' for key 'PRIMARY'
[Method: POST, Route: login]
in SYSTEMPATH\Database\BaseConnection.php on line 684.
 1 SYSTEMPATH\Database\BaseBuilder.php(2345): CodeIgniter\Database\BaseConnection->query('INSERT INTO `auth_logins` (`ip_address`, `email`, `user_id`, `date`, `success`) VALUES (:ip_address:, :email:, :user_id:, :date:, :success:)', [...], false)
 2 SYSTEMPATH\Model.php(394): CodeIgniter\Database\BaseBuilder->insert()
 3 SYSTEMPATH\BaseModel.php(838): CodeIgniter\Model->doInsert([...])
 4 SYSTEMPATH\Model.php(797): CodeIgniter\BaseModel->insert([...], true)
 5 VENDORPATH\myth\auth\src\Authentication\AuthenticationBase.php(193): CodeIgniter\Model->insert([...])
 6 VENDORPATH\myth\auth\src\Authentication\AuthenticationBase.php(88): Myth\Auth\Authentication\AuthenticationBase->recordLoginAttempt('adm@gmail.com', '::1', 10, true)
 7 VENDORPATH\myth\auth\src\Authentication\LocalAuthenticator.php(59): Myth\Auth\Authentication\AuthenticationBase->login(Object(Myth\Auth\Entities\User), false)
 8 APPPATH\Controllers\AuthController.php(46): Myth\Auth\Authentication\LocalAuthenticator->attempt([...], false)
 9 SYSTEMPATH\CodeIgniter.php(933): App\Controllers\AuthController->attemptLogin()
10 SYSTEMPATH\CodeIgniter.php(507): CodeIgniter\CodeIgniter->runController(Object(App\Controllers\AuthController))
11 SYSTEMPATH\CodeIgniter.php(354): CodeIgniter\CodeIgniter->handleRequest(null, Object(Config\Cache), false)
12 SYSTEMPATH\Boot.php(363): CodeIgniter\CodeIgniter->run()
13 SYSTEMPATH\Boot.php(68): CodeIgniter\Boot::runCodeIgniter(Object(CodeIgniter\CodeIgniter))
14 FCPATH\index.php(59): CodeIgniter\Boot::bootWeb(Object(Config\Paths))
15 SYSTEMPATH\rewrite.php(44): require_once('C:\\xamppBaru\\htdocs\\cobaweb2\\public\\index.php')
CRITICAL - 2026-04-25 17:05:43 --> [Caused by] CodeIgniter\Database\Exceptions\DatabaseException: Duplicate entry '0' for key 'PRIMARY'
in SYSTEMPATH\Database\MySQLi\Connection.php on line 332.
 1 SYSTEMPATH\Database\BaseConnection.php(729): CodeIgniter\Database\MySQLi\Connection->execute('INSERT INTO `auth_logins` (`ip_address`, `email`, `user_id`, `date`, `success`) VALUES (\'::1\', \'adm@gmail.com\', 10, \'2026-04-25 17:05:43\', 1)')
 2 SYSTEMPATH\Database\BaseConnection.php(646): CodeIgniter\Database\BaseConnection->simpleQuery('INSERT INTO `auth_logins` (`ip_address`, `email`, `user_id`, `date`, `success`) VALUES (\'::1\', \'adm@gmail.com\', 10, \'2026-04-25 17:05:43\', 1)')
 3 SYSTEMPATH\Database\BaseBuilder.php(2345): CodeIgniter\Database\BaseConnection->query('INSERT INTO `auth_logins` (`ip_address`, `email`, `user_id`, `date`, `success`) VALUES (:ip_address:, :email:, :user_id:, :date:, :success:)', [...], false)
 4 SYSTEMPATH\Model.php(394): CodeIgniter\Database\BaseBuilder->insert()
 5 SYSTEMPATH\BaseModel.php(838): CodeIgniter\Model->doInsert([...])
 6 SYSTEMPATH\Model.php(797): CodeIgniter\BaseModel->insert([...], true)
 7 VENDORPATH\myth\auth\src\Authentication\AuthenticationBase.php(193): CodeIgniter\Model->insert([...])
 8 VENDORPATH\myth\auth\src\Authentication\AuthenticationBase.php(88): Myth\Auth\Authentication\AuthenticationBase->recordLoginAttempt('adm@gmail.com', '::1', 10, true)
 9 VENDORPATH\myth\auth\src\Authentication\LocalAuthenticator.php(59): Myth\Auth\Authentication\AuthenticationBase->login(Object(Myth\Auth\Entities\User), false)
10 APPPATH\Controllers\AuthController.php(46): Myth\Auth\Authentication\LocalAuthenticator->attempt([...], false)
11 SYSTEMPATH\CodeIgniter.php(933): App\Controllers\AuthController->attemptLogin()
12 SYSTEMPATH\CodeIgniter.php(507): CodeIgniter\CodeIgniter->runController(Object(App\Controllers\AuthController))
13 SYSTEMPATH\CodeIgniter.php(354): CodeIgniter\CodeIgniter->handleRequest(null, Object(Config\Cache), false)
14 SYSTEMPATH\Boot.php(363): CodeIgniter\CodeIgniter->run()
15 SYSTEMPATH\Boot.php(68): CodeIgniter\Boot::runCodeIgniter(Object(CodeIgniter\CodeIgniter))
16 FCPATH\index.php(59): CodeIgniter\Boot::bootWeb(Object(Config\Paths))
17 SYSTEMPATH\rewrite.php(44): require_once('C:\\xamppBaru\\htdocs\\cobaweb2\\public\\index.php')
CRITICAL - 2026-04-25 17:05:43 --> [Caused by] mysqli_sql_exception: Duplicate entry '0' for key 'PRIMARY'
in SYSTEMPATH\Database\MySQLi\Connection.php on line 327.
 1 SYSTEMPATH\Database\MySQLi\Connection.php(327): mysqli->query('INSERT INTO `auth_logins` (`ip_address`, `email`, `user_id`, `date`, `success`) VALUES (\'::1\', \'adm@gmail.com\', 10, \'2026-04-25 17:05:43\', 1)', 0)
 2 SYSTEMPATH\Database\BaseConnection.php(729): CodeIgniter\Database\MySQLi\Connection->execute('INSERT INTO `auth_logins` (`ip_address`, `email`, `user_id`, `date`, `success`) VALUES (\'::1\', \'adm@gmail.com\', 10, \'2026-04-25 17:05:43\', 1)')
 3 SYSTEMPATH\Database\BaseConnection.php(646): CodeIgniter\Database\BaseConnection->simpleQuery('INSERT INTO `auth_logins` (`ip_address`, `email`, `user_id`, `date`, `success`) VALUES (\'::1\', \'adm@gmail.com\', 10, \'2026-04-25 17:05:43\', 1)')
 4 SYSTEMPATH\Database\BaseBuilder.php(2345): CodeIgniter\Database\BaseConnection->query('INSERT INTO `auth_logins` (`ip_address`, `email`, `user_id`, `date`, `success`) VALUES (:ip_address:, :email:, :user_id:, :date:, :success:)', [...], false)
 5 SYSTEMPATH\Model.php(394): CodeIgniter\Database\BaseBuilder->insert()
 6 SYSTEMPATH\BaseModel.php(838): CodeIgniter\Model->doInsert([...])
 7 SYSTEMPATH\Model.php(797): CodeIgniter\BaseModel->insert([...], true)
 8 VENDORPATH\myth\auth\src\Authentication\AuthenticationBase.php(193): CodeIgniter\Model->insert([...])
 9 VENDORPATH\myth\auth\src\Authentication\AuthenticationBase.php(88): Myth\Auth\Authentication\AuthenticationBase->recordLoginAttempt('adm@gmail.com', '::1', 10, true)
10 VENDORPATH\myth\auth\src\Authentication\LocalAuthenticator.php(59): Myth\Auth\Authentication\AuthenticationBase->login(Object(Myth\Auth\Entities\User), false)
11 APPPATH\Controllers\AuthController.php(46): Myth\Auth\Authentication\LocalAuthenticator->attempt([...], false)
12 SYSTEMPATH\CodeIgniter.php(933): App\Controllers\AuthController->attemptLogin()
13 SYSTEMPATH\CodeIgniter.php(507): CodeIgniter\CodeIgniter->runController(Object(App\Controllers\AuthController))
14 SYSTEMPATH\CodeIgniter.php(354): CodeIgniter\CodeIgniter->handleRequest(null, Object(Config\Cache), false)
15 SYSTEMPATH\Boot.php(363): CodeIgniter\CodeIgniter->run()
16 SYSTEMPATH\Boot.php(68): CodeIgniter\Boot::runCodeIgniter(Object(CodeIgniter\CodeIgniter))
17 FCPATH\index.php(59): CodeIgniter\Boot::bootWeb(Object(Config\Paths))
18 SYSTEMPATH\rewrite.php(44): require_once('C:\\xamppBaru\\htdocs\\cobaweb2\\public\\index.php')
DEBUG - 2026-04-25 17:05:49 --> Session: Class initialized using 'CodeIgniter\Session\Handlers\FileHandler' driver.
DEBUG - 2026-04-25 17:06:03 --> Session: Class initialized using 'CodeIgniter\Session\Handlers\FileHandler' driver.
DEBUG - 2026-04-25 17:06:09 --> Session: Class initialized using 'CodeIgniter\Session\Handlers\FileHandler' driver.
DEBUG - 2026-04-25 17:06:14 --> Session: Class initialized using 'CodeIgniter\Session\Handlers\FileHandler' driver.
DEBUG - 2026-04-25 17:06:25 --> Session: Class initialized using 'CodeIgniter\Session\Handlers\FileHandler' driver.
DEBUG - 2026-04-25 17:06:36 --> Session: Class initialized using 'CodeIgniter\Session\Handlers\FileHandler' driver.
DEBUG - 2026-04-25 17:06:42 --> Session: Class initialized using 'CodeIgniter\Session\Handlers\FileHandler' driver.
DEBUG - 2026-04-25 17:08:25 --> Session: Class initialized using 'CodeIgniter\Session\Handlers\FileHandler' driver.
ERROR - 2026-04-25 17:08:25 --> mysqli_sql_exception: Table 'cobaweb2.ulasan' doesn't exist in C:\xamppBaru\htdocs\cobaweb2\system\Database\MySQLi\Connection.php:327
Stack trace:
#0 C:\xamppBaru\htdocs\cobaweb2\system\Database\MySQLi\Connection.php(327): mysqli->query('SELECT `produk`...', 0)
#1 C:\xamppBaru\htdocs\cobaweb2\system\Database\BaseConnection.php(729): CodeIgniter\Database\MySQLi\Connection->execute('SELECT `produk`...')
#2 C:\xamppBaru\htdocs\cobaweb2\system\Database\BaseConnection.php(646): CodeIgniter\Database\BaseConnection->simpleQuery('SELECT `produk`...')
#3 C:\xamppBaru\htdocs\cobaweb2\system\Database\BaseBuilder.php(1649): CodeIgniter\Database\BaseConnection->query('SELECT `produk`...', Array, false)
#4 C:\xamppBaru\htdocs\cobaweb2\system\Model.php(330): CodeIgniter\Database\BaseBuilder->get()
#5 C:\xamppBaru\htdocs\cobaweb2\system\BaseModel.php(715): CodeIgniter\Model->doFirst()
#6 C:\xamppBaru\htdocs\cobaweb2\app\Controllers\User\Produk.php(25): CodeIgniter\BaseModel->first()
#7 C:\xamppBaru\htdocs\cobaweb2\system\CodeIgniter.php(933): App\Controllers\User\Produk->detail('1')
#8 C:\xamppBaru\htdocs\cobaweb2\system\CodeIgniter.php(507): CodeIgniter\CodeIgniter->runController(Object(App\Controllers\User\Produk))
#9 C:\xamppBaru\htdocs\cobaweb2\system\CodeIgniter.php(354): CodeIgniter\CodeIgniter->handleRequest(NULL, Object(Config\Cache), false)
#10 C:\xamppBaru\htdocs\cobaweb2\system\Boot.php(363): CodeIgniter\CodeIgniter->run()
#11 C:\xamppBaru\htdocs\cobaweb2\system\Boot.php(68): CodeIgniter\Boot::runCodeIgniter(Object(CodeIgniter\CodeIgniter))
#12 C:\xamppBaru\htdocs\cobaweb2\public\index.php(59): CodeIgniter\Boot::bootWeb(Object(Config\Paths))
#13 C:\xamppBaru\htdocs\cobaweb2\system\rewrite.php(44): require_once('C:\\xamppBaru\\ht...')
#14 {main}
CRITICAL - 2026-04-25 17:08:25 --> CodeIgniter\Database\Exceptions\DatabaseException: Table 'cobaweb2.ulasan' doesn't exist
[Method: GET, Route: produk/1]
in SYSTEMPATH\Database\BaseConnection.php on line 684.
 1 SYSTEMPATH\Database\BaseBuilder.php(1649): CodeIgniter\Database\BaseConnection->query('SELECT `produk`.*, `lokasi`.`nama_lokasi`, COALESCE(AVG(ulasan.rating), 0) as rating, COUNT(ulasan.id_ulasan) as jumlah_ulasan
FROM `produk`
LEFT JOIN `lokasi` ON `lokasi`.`id_lokasi` = `produk`.`id_lokasi`
LEFT JOIN `ulasan` ON `ulasan`.`id_produk` = `produk`.`id_produk`
WHERE `produk`.`id_produk` = :produk.id_produk:
GROUP BY `produk`.`id_produk`
ORDER BY `produk`.`id_produk` ASC
 LIMIT 1', [...], false)
 2 SYSTEMPATH\Model.php(330): CodeIgniter\Database\BaseBuilder->get()
 3 SYSTEMPATH\BaseModel.php(715): CodeIgniter\Model->doFirst()
 4 APPPATH\Controllers\User\Produk.php(25): CodeIgniter\BaseModel->first()
 5 SYSTEMPATH\CodeIgniter.php(933): App\Controllers\User\Produk->detail('1')
 6 SYSTEMPATH\CodeIgniter.php(507): CodeIgniter\CodeIgniter->runController(Object(App\Controllers\User\Produk))
 7 SYSTEMPATH\CodeIgniter.php(354): CodeIgniter\CodeIgniter->handleRequest(null, Object(Config\Cache), false)
 8 SYSTEMPATH\Boot.php(363): CodeIgniter\CodeIgniter->run()
 9 SYSTEMPATH\Boot.php(68): CodeIgniter\Boot::runCodeIgniter(Object(CodeIgniter\CodeIgniter))
10 FCPATH\index.php(59): CodeIgniter\Boot::bootWeb(Object(Config\Paths))
11 SYSTEMPATH\rewrite.php(44): require_once('C:\\xamppBaru\\htdocs\\cobaweb2\\public\\index.php')
CRITICAL - 2026-04-25 17:08:25 --> [Caused by] CodeIgniter\Database\Exceptions\DatabaseException: Table 'cobaweb2.ulasan' doesn't exist
in SYSTEMPATH\Database\MySQLi\Connection.php on line 332.
 1 SYSTEMPATH\Database\BaseConnection.php(729): CodeIgniter\Database\MySQLi\Connection->execute('SELECT `produk`.*, `lokasi`.`nama_lokasi`, COALESCE(AVG(ulasan.rating), 0) as rating, COUNT(ulasan.id_ulasan) as jumlah_ulasan
FROM `produk`
LEFT JOIN `lokasi` ON `lokasi`.`id_lokasi` = `produk`.`id_lokasi`
LEFT JOIN `ulasan` ON `ulasan`.`id_produk` = `produk`.`id_produk`
WHERE `produk`.`id_produk` = \'1\'
GROUP BY `produk`.`id_produk`
ORDER BY `produk`.`id_produk` ASC
 LIMIT 1')
 2 SYSTEMPATH\Database\BaseConnection.php(646): CodeIgniter\Database\BaseConnection->simpleQuery('SELECT `produk`.*, `lokasi`.`nama_lokasi`, COALESCE(AVG(ulasan.rating), 0) as rating, COUNT(ulasan.id_ulasan) as jumlah_ulasan
FROM `produk`
LEFT JOIN `lokasi` ON `lokasi`.`id_lokasi` = `produk`.`id_lokasi`
LEFT JOIN `ulasan` ON `ulasan`.`id_produk` = `produk`.`id_produk`
WHERE `produk`.`id_produk` = \'1\'
GROUP BY `produk`.`id_produk`
ORDER BY `produk`.`id_produk` ASC
 LIMIT 1')
 3 SYSTEMPATH\Database\BaseBuilder.php(1649): CodeIgniter\Database\BaseConnection->query('SELECT `produk`.*, `lokasi`.`nama_lokasi`, COALESCE(AVG(ulasan.rating), 0) as rating, COUNT(ulasan.id_ulasan) as jumlah_ulasan
FROM `produk`
LEFT JOIN `lokasi` ON `lokasi`.`id_lokasi` = `produk`.`id_lokasi`
LEFT JOIN `ulasan` ON `ulasan`.`id_produk` = `produk`.`id_produk`
WHERE `produk`.`id_produk` = :produk.id_produk:
GROUP BY `produk`.`id_produk`
ORDER BY `produk`.`id_produk` ASC
 LIMIT 1', [...], false)
 4 SYSTEMPATH\Model.php(330): CodeIgniter\Database\BaseBuilder->get()
 5 SYSTEMPATH\BaseModel.php(715): CodeIgniter\Model->doFirst()
 6 APPPATH\Controllers\User\Produk.php(25): CodeIgniter\BaseModel->first()
 7 SYSTEMPATH\CodeIgniter.php(933): App\Controllers\User\Produk->detail('1')
 8 SYSTEMPATH\CodeIgniter.php(507): CodeIgniter\CodeIgniter->runController(Object(App\Controllers\User\Produk))
 9 SYSTEMPATH\CodeIgniter.php(354): CodeIgniter\CodeIgniter->handleRequest(null, Object(Config\Cache), false)
10 SYSTEMPATH\Boot.php(363): CodeIgniter\CodeIgniter->run()
11 SYSTEMPATH\Boot.php(68): CodeIgniter\Boot::runCodeIgniter(Object(CodeIgniter\CodeIgniter))
12 FCPATH\index.php(59): CodeIgniter\Boot::bootWeb(Object(Config\Paths))
13 SYSTEMPATH\rewrite.php(44): require_once('C:\\xamppBaru\\htdocs\\cobaweb2\\public\\index.php')
CRITICAL - 2026-04-25 17:08:25 --> [Caused by] mysqli_sql_exception: Table 'cobaweb2.ulasan' doesn't exist
in SYSTEMPATH\Database\MySQLi\Connection.php on line 327.
 1 SYSTEMPATH\Database\MySQLi\Connection.php(327): mysqli->query('SELECT `produk`.*, `lokasi`.`nama_lokasi`, COALESCE(AVG(ulasan.rating), 0) as rating, COUNT(ulasan.id_ulasan) as jumlah_ulasan
FROM `produk`
LEFT JOIN `lokasi` ON `lokasi`.`id_lokasi` = `produk`.`id_lokasi`
LEFT JOIN `ulasan` ON `ulasan`.`id_produk` = `produk`.`id_produk`
WHERE `produk`.`id_produk` = \'1\'
GROUP BY `produk`.`id_produk`
ORDER BY `produk`.`id_produk` ASC
 LIMIT 1', 0)
 2 SYSTEMPATH\Database\BaseConnection.php(729): CodeIgniter\Database\MySQLi\Connection->execute('SELECT `produk`.*, `lokasi`.`nama_lokasi`, COALESCE(AVG(ulasan.rating), 0) as rating, COUNT(ulasan.id_ulasan) as jumlah_ulasan
FROM `produk`
LEFT JOIN `lokasi` ON `lokasi`.`id_lokasi` = `produk`.`id_lokasi`
LEFT JOIN `ulasan` ON `ulasan`.`id_produk` = `produk`.`id_produk`
WHERE `produk`.`id_produk` = \'1\'
GROUP BY `produk`.`id_produk`
ORDER BY `produk`.`id_produk` ASC
 LIMIT 1')
 3 SYSTEMPATH\Database\BaseConnection.php(646): CodeIgniter\Database\BaseConnection->simpleQuery('SELECT `produk`.*, `lokasi`.`nama_lokasi`, COALESCE(AVG(ulasan.rating), 0) as rating, COUNT(ulasan.id_ulasan) as jumlah_ulasan
FROM `produk`
LEFT JOIN `lokasi` ON `lokasi`.`id_lokasi` = `produk`.`id_lokasi`
LEFT JOIN `ulasan` ON `ulasan`.`id_produk` = `produk`.`id_produk`
WHERE `produk`.`id_produk` = \'1\'
GROUP BY `produk`.`id_produk`
ORDER BY `produk`.`id_produk` ASC
 LIMIT 1')
 4 SYSTEMPATH\Database\BaseBuilder.php(1649): CodeIgniter\Database\BaseConnection->query('SELECT `produk`.*, `lokasi`.`nama_lokasi`, COALESCE(AVG(ulasan.rating), 0) as rating, COUNT(ulasan.id_ulasan) as jumlah_ulasan
FROM `produk`
LEFT JOIN `lokasi` ON `lokasi`.`id_lokasi` = `produk`.`id_lokasi`
LEFT JOIN `ulasan` ON `ulasan`.`id_produk` = `produk`.`id_produk`
WHERE `produk`.`id_produk` = :produk.id_produk:
GROUP BY `produk`.`id_produk`
ORDER BY `produk`.`id_produk` ASC
 LIMIT 1', [...], false)
 5 SYSTEMPATH\Model.php(330): CodeIgniter\Database\BaseBuilder->get()
 6 SYSTEMPATH\BaseModel.php(715): CodeIgniter\Model->doFirst()
 7 APPPATH\Controllers\User\Produk.php(25): CodeIgniter\BaseModel->first()
 8 SYSTEMPATH\CodeIgniter.php(933): App\Controllers\User\Produk->detail('1')
 9 SYSTEMPATH\CodeIgniter.php(507): CodeIgniter\CodeIgniter->runController(Object(App\Controllers\User\Produk))
10 SYSTEMPATH\CodeIgniter.php(354): CodeIgniter\CodeIgniter->handleRequest(null, Object(Config\Cache), false)
11 SYSTEMPATH\Boot.php(363): CodeIgniter\CodeIgniter->run()
12 SYSTEMPATH\Boot.php(68): CodeIgniter\Boot::runCodeIgniter(Object(CodeIgniter\CodeIgniter))
13 FCPATH\index.php(59): CodeIgniter\Boot::bootWeb(Object(Config\Paths))
14 SYSTEMPATH\rewrite.php(44): require_once('C:\\xamppBaru\\htdocs\\cobaweb2\\public\\index.php')
DEBUG - 2026-04-25 17:09:17 --> Session: Class initialized using 'CodeIgniter\Session\Handlers\FileHandler' driver.
DEBUG - 2026-04-25 17:09:18 --> Session: Class initialized using 'CodeIgniter\Session\Handlers\FileHandler' driver.
DEBUG - 2026-04-25 17:09:28 --> Session: Class initialized using 'CodeIgniter\Session\Handlers\FileHandler' driver.
ERROR - 2026-04-25 17:09:28 --> mysqli_sql_exception: Duplicate entry '0' for key 'PRIMARY' in C:\xamppBaru\htdocs\cobaweb2\system\Database\MySQLi\Connection.php:327
Stack trace:
#0 C:\xamppBaru\htdocs\cobaweb2\system\Database\MySQLi\Connection.php(327): mysqli->query('INSERT INTO `au...', 0)
#1 C:\xamppBaru\htdocs\cobaweb2\system\Database\BaseConnection.php(729): CodeIgniter\Database\MySQLi\Connection->execute('INSERT INTO `au...')
#2 C:\xamppBaru\htdocs\cobaweb2\system\Database\BaseConnection.php(646): CodeIgniter\Database\BaseConnection->simpleQuery('INSERT INTO `au...')
#3 C:\xamppBaru\htdocs\cobaweb2\system\Database\BaseBuilder.php(2345): CodeIgniter\Database\BaseConnection->query('INSERT INTO `au...', Array, false)
#4 C:\xamppBaru\htdocs\cobaweb2\system\Model.php(394): CodeIgniter\Database\BaseBuilder->insert()
#5 C:\xamppBaru\htdocs\cobaweb2\system\BaseModel.php(838): CodeIgniter\Model->doInsert(Array)
#6 C:\xamppBaru\htdocs\cobaweb2\system\Model.php(797): CodeIgniter\BaseModel->insert(Array, true)
#7 C:\xamppBaru\htdocs\cobaweb2\vendor\myth\auth\src\Authentication\AuthenticationBase.php(193): CodeIgniter\Model->insert(Array)
#8 C:\xamppBaru\htdocs\cobaweb2\vendor\myth\auth\src\Authentication\LocalAuthenticator.php(24): Myth\Auth\Authentication\AuthenticationBase->recordLoginAttempt('admin', '::1', NULL, false)
#9 C:\xamppBaru\htdocs\cobaweb2\app\Controllers\AuthController.php(39): Myth\Auth\Authentication\LocalAuthenticator->attempt(Array, false)
#10 C:\xamppBaru\htdocs\cobaweb2\system\CodeIgniter.php(933): App\Controllers\AuthController->attemptLogin()
#11 C:\xamppBaru\htdocs\cobaweb2\system\CodeIgniter.php(507): CodeIgniter\CodeIgniter->runController(Object(App\Controllers\AuthController))
#12 C:\xamppBaru\htdocs\cobaweb2\system\CodeIgniter.php(354): CodeIgniter\CodeIgniter->handleRequest(NULL, Object(Config\Cache), false)
#13 C:\xamppBaru\htdocs\cobaweb2\system\Boot.php(363): CodeIgniter\CodeIgniter->run()
#14 C:\xamppBaru\htdocs\cobaweb2\system\Boot.php(68): CodeIgniter\Boot::runCodeIgniter(Object(CodeIgniter\CodeIgniter))
#15 C:\xamppBaru\htdocs\cobaweb2\public\index.php(59): CodeIgniter\Boot::bootWeb(Object(Config\Paths))
#16 C:\xamppBaru\htdocs\cobaweb2\system\rewrite.php(44): require_once('C:\\xamppBaru\\ht...')
#17 {main}
CRITICAL - 2026-04-25 17:09:28 --> CodeIgniter\Database\Exceptions\DatabaseException: Duplicate entry '0' for key 'PRIMARY'
[Method: POST, Route: login]
in SYSTEMPATH\Database\BaseConnection.php on line 684.
 1 SYSTEMPATH\Database\BaseBuilder.php(2345): CodeIgniter\Database\BaseConnection->query('INSERT INTO `auth_logins` (`ip_address`, `email`, `user_id`, `date`, `success`) VALUES (:ip_address:, :email:, :user_id:, :date:, :success:)', [...], false)
 2 SYSTEMPATH\Model.php(394): CodeIgniter\Database\BaseBuilder->insert()
 3 SYSTEMPATH\BaseModel.php(838): CodeIgniter\Model->doInsert([...])
 4 SYSTEMPATH\Model.php(797): CodeIgniter\BaseModel->insert([...], true)
 5 VENDORPATH\myth\auth\src\Authentication\AuthenticationBase.php(193): CodeIgniter\Model->insert([...])
 6 VENDORPATH\myth\auth\src\Authentication\LocalAuthenticator.php(24): Myth\Auth\Authentication\AuthenticationBase->recordLoginAttempt('admin', '::1', null, false)
 7 APPPATH\Controllers\AuthController.php(39): Myth\Auth\Authentication\LocalAuthenticator->attempt([...], false)
 8 SYSTEMPATH\CodeIgniter.php(933): App\Controllers\AuthController->attemptLogin()
 9 SYSTEMPATH\CodeIgniter.php(507): CodeIgniter\CodeIgniter->runController(Object(App\Controllers\AuthController))
10 SYSTEMPATH\CodeIgniter.php(354): CodeIgniter\CodeIgniter->handleRequest(null, Object(Config\Cache), false)
11 SYSTEMPATH\Boot.php(363): CodeIgniter\CodeIgniter->run()
12 SYSTEMPATH\Boot.php(68): CodeIgniter\Boot::runCodeIgniter(Object(CodeIgniter\CodeIgniter))
13 FCPATH\index.php(59): CodeIgniter\Boot::bootWeb(Object(Config\Paths))
14 SYSTEMPATH\rewrite.php(44): require_once('C:\\xamppBaru\\htdocs\\cobaweb2\\public\\index.php')
CRITICAL - 2026-04-25 17:09:28 --> [Caused by] CodeIgniter\Database\Exceptions\DatabaseException: Duplicate entry '0' for key 'PRIMARY'
in SYSTEMPATH\Database\MySQLi\Connection.php on line 332.
 1 SYSTEMPATH\Database\BaseConnection.php(729): CodeIgniter\Database\MySQLi\Connection->execute('INSERT INTO `auth_logins` (`ip_address`, `email`, `user_id`, `date`, `success`) VALUES (\'::1\', \'admin\', NULL, \'2026-04-25 17:09:28\', 0)')
 2 SYSTEMPATH\Database\BaseConnection.php(646): CodeIgniter\Database\BaseConnection->simpleQuery('INSERT INTO `auth_logins` (`ip_address`, `email`, `user_id`, `date`, `success`) VALUES (\'::1\', \'admin\', NULL, \'2026-04-25 17:09:28\', 0)')
 3 SYSTEMPATH\Database\BaseBuilder.php(2345): CodeIgniter\Database\BaseConnection->query('INSERT INTO `auth_logins` (`ip_address`, `email`, `user_id`, `date`, `success`) VALUES (:ip_address:, :email:, :user_id:, :date:, :success:)', [...], false)
 4 SYSTEMPATH\Model.php(394): CodeIgniter\Database\BaseBuilder->insert()
 5 SYSTEMPATH\BaseModel.php(838): CodeIgniter\Model->doInsert([...])
 6 SYSTEMPATH\Model.php(797): CodeIgniter\BaseModel->insert([...], true)
 7 VENDORPATH\myth\auth\src\Authentication\AuthenticationBase.php(193): CodeIgniter\Model->insert([...])
 8 VENDORPATH\myth\auth\src\Authentication\LocalAuthenticator.php(24): Myth\Auth\Authentication\AuthenticationBase->recordLoginAttempt('admin', '::1', null, false)
 9 APPPATH\Controllers\AuthController.php(39): Myth\Auth\Authentication\LocalAuthenticator->attempt([...], false)
10 SYSTEMPATH\CodeIgniter.php(933): App\Controllers\AuthController->attemptLogin()
11 SYSTEMPATH\CodeIgniter.php(507): CodeIgniter\CodeIgniter->runController(Object(App\Controllers\AuthController))
12 SYSTEMPATH\CodeIgniter.php(354): CodeIgniter\CodeIgniter->handleRequest(null, Object(Config\Cache), false)
13 SYSTEMPATH\Boot.php(363): CodeIgniter\CodeIgniter->run()
14 SYSTEMPATH\Boot.php(68): CodeIgniter\Boot::runCodeIgniter(Object(CodeIgniter\CodeIgniter))
15 FCPATH\index.php(59): CodeIgniter\Boot::bootWeb(Object(Config\Paths))
16 SYSTEMPATH\rewrite.php(44): require_once('C:\\xamppBaru\\htdocs\\cobaweb2\\public\\index.php')
CRITICAL - 2026-04-25 17:09:28 --> [Caused by] mysqli_sql_exception: Duplicate entry '0' for key 'PRIMARY'
in SYSTEMPATH\Database\MySQLi\Connection.php on line 327.
 1 SYSTEMPATH\Database\MySQLi\Connection.php(327): mysqli->query('INSERT INTO `auth_logins` (`ip_address`, `email`, `user_id`, `date`, `success`) VALUES (\'::1\', \'admin\', NULL, \'2026-04-25 17:09:28\', 0)', 0)
 2 SYSTEMPATH\Database\BaseConnection.php(729): CodeIgniter\Database\MySQLi\Connection->execute('INSERT INTO `auth_logins` (`ip_address`, `email`, `user_id`, `date`, `success`) VALUES (\'::1\', \'admin\', NULL, \'2026-04-25 17:09:28\', 0)')
 3 SYSTEMPATH\Database\BaseConnection.php(646): CodeIgniter\Database\BaseConnection->simpleQuery('INSERT INTO `auth_logins` (`ip_address`, `email`, `user_id`, `date`, `success`) VALUES (\'::1\', \'admin\', NULL, \'2026-04-25 17:09:28\', 0)')
 4 SYSTEMPATH\Database\BaseBuilder.php(2345): CodeIgniter\Database\BaseConnection->query('INSERT INTO `auth_logins` (`ip_address`, `email`, `user_id`, `date`, `success`) VALUES (:ip_address:, :email:, :user_id:, :date:, :success:)', [...], false)
 5 SYSTEMPATH\Model.php(394): CodeIgniter\Database\BaseBuilder->insert()
 6 SYSTEMPATH\BaseModel.php(838): CodeIgniter\Model->doInsert([...])
 7 SYSTEMPATH\Model.php(797): CodeIgniter\BaseModel->insert([...], true)
 8 VENDORPATH\myth\auth\src\Authentication\AuthenticationBase.php(193): CodeIgniter\Model->insert([...])
 9 VENDORPATH\myth\auth\src\Authentication\LocalAuthenticator.php(24): Myth\Auth\Authentication\AuthenticationBase->recordLoginAttempt('admin', '::1', null, false)
10 APPPATH\Controllers\AuthController.php(39): Myth\Auth\Authentication\LocalAuthenticator->attempt([...], false)
11 SYSTEMPATH\CodeIgniter.php(933): App\Controllers\AuthController->attemptLogin()
12 SYSTEMPATH\CodeIgniter.php(507): CodeIgniter\CodeIgniter->runController(Object(App\Controllers\AuthController))
13 SYSTEMPATH\CodeIgniter.php(354): CodeIgniter\CodeIgniter->handleRequest(null, Object(Config\Cache), false)
14 SYSTEMPATH\Boot.php(363): CodeIgniter\CodeIgniter->run()
15 SYSTEMPATH\Boot.php(68): CodeIgniter\Boot::runCodeIgniter(Object(CodeIgniter\CodeIgniter))
16 FCPATH\index.php(59): CodeIgniter\Boot::bootWeb(Object(Config\Paths))
17 SYSTEMPATH\rewrite.php(44): require_once('C:\\xamppBaru\\htdocs\\cobaweb2\\public\\index.php')
DEBUG - 2026-04-25 17:09:31 --> Session: Class initialized using 'CodeIgniter\Session\Handlers\FileHandler' driver.
DEBUG - 2026-04-25 17:09:33 --> Session: Class initialized using 'CodeIgniter\Session\Handlers\FileHandler' driver.
DEBUG - 2026-04-25 17:09:41 --> Session: Class initialized using 'CodeIgniter\Session\Handlers\FileHandler' driver.
