WARNING - 2025-12-14 12:10:01 --> [DEPRECATED] urlencode(): Passing null to parameter #1 ($string) of type string is deprecated in APPPATH\Views\user\kategori.php on line 12.
 1 APPPATH\Views\user\kategori.php(12): urlencode(null)
 2 SYSTEMPATH\View\View.php(226): include('C:\\xampp\\htdocs\\cobaweb\\app\\Views\\user\\kategori.php')
 3 SYSTEMPATH\View\View.php(229): CodeIgniter\View\View->CodeIgniter\View\{closure}()
 4 SYSTEMPATH\Common.php(1199): CodeIgniter\View\View->render('user/kategori', [], true)
 5 APPPATH\Controllers\User\Kategori.php(35): view('user/kategori', [...])
 6 SYSTEMPATH\CodeIgniter.php(933): App\Controllers\User\Kategori->index('camera')
 7 SYSTEMPATH\CodeIgniter.php(507): CodeIgniter\CodeIgniter->runController(Object(App\Controllers\User\Kategori))
 8 SYSTEMPATH\CodeIgniter.php(354): CodeIgniter\CodeIgniter->handleRequest(null, Object(Config\Cache), false)
 9 SYSTEMPATH\Boot.php(363): CodeIgniter\CodeIgniter->run()
10 SYSTEMPATH\Boot.php(68): CodeIgniter\Boot::runCodeIgniter(Object(CodeIgniter\CodeIgniter))
11 FCPATH\index.php(59): CodeIgniter\Boot::bootWeb(Object(Config\Paths))
12 SYSTEMPATH\rewrite.php(44): require_once('C:\\xampp\\htdocs\\cobaweb\\public\\index.php')
WARNING - 2025-12-14 12:10:02 --> [DEPRECATED] urlencode(): Passing null to parameter #1 ($string) of type string is deprecated in APPPATH\Views\user\kategori.php on line 12.
 1 APPPATH\Views\user\kategori.php(12): urlencode(null)
 2 SYSTEMPATH\View\View.php(226): include('C:\\xampp\\htdocs\\cobaweb\\app\\Views\\user\\kategori.php')
 3 SYSTEMPATH\View\View.php(229): CodeIgniter\View\View->CodeIgniter\View\{closure}()
 4 SYSTEMPATH\Common.php(1199): CodeIgniter\View\View->render('user/kategori', [], true)
 5 APPPATH\Controllers\User\Kategori.php(35): view('user/kategori', [...])
 6 SYSTEMPATH\CodeIgniter.php(933): App\Controllers\User\Kategori->index('camera')
 7 SYSTEMPATH\CodeIgniter.php(507): CodeIgniter\CodeIgniter->runController(Object(App\Controllers\User\Kategori))
 8 SYSTEMPATH\CodeIgniter.php(354): CodeIgniter\CodeIgniter->handleRequest(null, Object(Config\Cache), false)
 9 SYSTEMPATH\Boot.php(363): CodeIgniter\CodeIgniter->run()
10 SYSTEMPATH\Boot.php(68): CodeIgniter\Boot::runCodeIgniter(Object(CodeIgniter\CodeIgniter))
11 FCPATH\index.php(59): CodeIgniter\Boot::bootWeb(Object(Config\Paths))
12 SYSTEMPATH\rewrite.php(44): require_once('C:\\xampp\\htdocs\\cobaweb\\public\\index.php')
WARNING - 2025-12-14 12:10:04 --> [DEPRECATED] urlencode(): Passing null to parameter #1 ($string) of type string is deprecated in APPPATH\Views\user\kategori.php on line 12.
 1 APPPATH\Views\user\kategori.php(12): urlencode(null)
 2 SYSTEMPATH\View\View.php(226): include('C:\\xampp\\htdocs\\cobaweb\\app\\Views\\user\\kategori.php')
 3 SYSTEMPATH\View\View.php(229): CodeIgniter\View\View->CodeIgniter\View\{closure}()
 4 SYSTEMPATH\Common.php(1199): CodeIgniter\View\View->render('user/kategori', [], true)
 5 APPPATH\Controllers\User\Kategori.php(35): view('user/kategori', [...])
 6 SYSTEMPATH\CodeIgniter.php(933): App\Controllers\User\Kategori->index('camera')
 7 SYSTEMPATH\CodeIgniter.php(507): CodeIgniter\CodeIgniter->runController(Object(App\Controllers\User\Kategori))
 8 SYSTEMPATH\CodeIgniter.php(354): CodeIgniter\CodeIgniter->handleRequest(null, Object(Config\Cache), false)
 9 SYSTEMPATH\Boot.php(363): CodeIgniter\CodeIgniter->run()
10 SYSTEMPATH\Boot.php(68): CodeIgniter\Boot::runCodeIgniter(Object(CodeIgniter\CodeIgniter))
11 FCPATH\index.php(59): CodeIgniter\Boot::bootWeb(Object(Config\Paths))
12 SYSTEMPATH\rewrite.php(44): require_once('C:\\xampp\\htdocs\\cobaweb\\public\\index.php')
WARNING - 2025-12-14 12:10:04 --> [DEPRECATED] urlencode(): Passing null to parameter #1 ($string) of type string is deprecated in APPPATH\Views\user\kategori.php on line 12.
 1 APPPATH\Views\user\kategori.php(12): urlencode(null)
 2 SYSTEMPATH\View\View.php(226): include('C:\\xampp\\htdocs\\cobaweb\\app\\Views\\user\\kategori.php')
 3 SYSTEMPATH\View\View.php(229): CodeIgniter\View\View->CodeIgniter\View\{closure}()
 4 SYSTEMPATH\Common.php(1199): CodeIgniter\View\View->render('user/kategori', [], true)
 5 APPPATH\Controllers\User\Kategori.php(35): view('user/kategori', [...])
 6 SYSTEMPATH\CodeIgniter.php(933): App\Controllers\User\Kategori->index('camera')
 7 SYSTEMPATH\CodeIgniter.php(507): CodeIgniter\CodeIgniter->runController(Object(App\Controllers\User\Kategori))
 8 SYSTEMPATH\CodeIgniter.php(354): CodeIgniter\CodeIgniter->handleRequest(null, Object(Config\Cache), false)
 9 SYSTEMPATH\Boot.php(363): CodeIgniter\CodeIgniter->run()
10 SYSTEMPATH\Boot.php(68): CodeIgniter\Boot::runCodeIgniter(Object(CodeIgniter\CodeIgniter))
11 FCPATH\index.php(59): CodeIgniter\Boot::bootWeb(Object(Config\Paths))
12 SYSTEMPATH\rewrite.php(44): require_once('C:\\xampp\\htdocs\\cobaweb\\public\\index.php')
WARNING - 2025-12-14 12:10:05 --> [DEPRECATED] urlencode(): Passing null to parameter #1 ($string) of type string is deprecated in APPPATH\Views\user\kategori.php on line 12.
 1 APPPATH\Views\user\kategori.php(12): urlencode(null)
 2 SYSTEMPATH\View\View.php(226): include('C:\\xampp\\htdocs\\cobaweb\\app\\Views\\user\\kategori.php')
 3 SYSTEMPATH\View\View.php(229): CodeIgniter\View\View->CodeIgniter\View\{closure}()
 4 SYSTEMPATH\Common.php(1199): CodeIgniter\View\View->render('user/kategori', [], true)
 5 APPPATH\Controllers\User\Kategori.php(35): view('user/kategori', [...])
 6 SYSTEMPATH\CodeIgniter.php(933): App\Controllers\User\Kategori->index('camera')
 7 SYSTEMPATH\CodeIgniter.php(507): CodeIgniter\CodeIgniter->runController(Object(App\Controllers\User\Kategori))
 8 SYSTEMPATH\CodeIgniter.php(354): CodeIgniter\CodeIgniter->handleRequest(null, Object(Config\Cache), false)
 9 SYSTEMPATH\Boot.php(363): CodeIgniter\CodeIgniter->run()
10 SYSTEMPATH\Boot.php(68): CodeIgniter\Boot::runCodeIgniter(Object(CodeIgniter\CodeIgniter))
11 FCPATH\index.php(59): CodeIgniter\Boot::bootWeb(Object(Config\Paths))
12 SYSTEMPATH\rewrite.php(44): require_once('C:\\xampp\\htdocs\\cobaweb\\public\\index.php')
WARNING - 2025-12-14 12:10:42 --> [DEPRECATED] urlencode(): Passing null to parameter #1 ($string) of type string is deprecated in APPPATH\Views\user\kategori.php on line 12.
 1 APPPATH\Views\user\kategori.php(12): urlencode(null)
 2 SYSTEMPATH\View\View.php(226): include('C:\\xampp\\htdocs\\cobaweb\\app\\Views\\user\\kategori.php')
 3 SYSTEMPATH\View\View.php(229): CodeIgniter\View\View->CodeIgniter\View\{closure}()
 4 SYSTEMPATH\Common.php(1199): CodeIgniter\View\View->render('user/kategori', [], true)
 5 APPPATH\Controllers\User\Kategori.php(35): view('user/kategori', [...])
 6 SYSTEMPATH\CodeIgniter.php(933): App\Controllers\User\Kategori->index('Lighting')
 7 SYSTEMPATH\CodeIgniter.php(507): CodeIgniter\CodeIgniter->runController(Object(App\Controllers\User\Kategori))
 8 SYSTEMPATH\CodeIgniter.php(354): CodeIgniter\CodeIgniter->handleRequest(null, Object(Config\Cache), false)
 9 SYSTEMPATH\Boot.php(363): CodeIgniter\CodeIgniter->run()
10 SYSTEMPATH\Boot.php(68): CodeIgniter\Boot::runCodeIgniter(Object(CodeIgniter\CodeIgniter))
11 FCPATH\index.php(59): CodeIgniter\Boot::bootWeb(Object(Config\Paths))
12 SYSTEMPATH\rewrite.php(44): require_once('C:\\xampp\\htdocs\\cobaweb\\public\\index.php')
WARNING - 2025-12-14 12:10:51 --> [DEPRECATED] urlencode(): Passing null to parameter #1 ($string) of type string is deprecated in APPPATH\Views\user\kategori.php on line 12.
 1 APPPATH\Views\user\kategori.php(12): urlencode(null)
 2 SYSTEMPATH\View\View.php(226): include('C:\\xampp\\htdocs\\cobaweb\\app\\Views\\user\\kategori.php')
 3 SYSTEMPATH\View\View.php(229): CodeIgniter\View\View->CodeIgniter\View\{closure}()
 4 SYSTEMPATH\Common.php(1199): CodeIgniter\View\View->render('user/kategori', [], true)
 5 APPPATH\Controllers\User\Kategori.php(35): view('user/kategori', [...])
 6 SYSTEMPATH\CodeIgniter.php(933): App\Controllers\User\Kategori->index('camera')
 7 SYSTEMPATH\CodeIgniter.php(507): CodeIgniter\CodeIgniter->runController(Object(App\Controllers\User\Kategori))
 8 SYSTEMPATH\CodeIgniter.php(354): CodeIgniter\CodeIgniter->handleRequest(null, Object(Config\Cache), false)
 9 SYSTEMPATH\Boot.php(363): CodeIgniter\CodeIgniter->run()
10 SYSTEMPATH\Boot.php(68): CodeIgniter\Boot::runCodeIgniter(Object(CodeIgniter\CodeIgniter))
11 FCPATH\index.php(59): CodeIgniter\Boot::bootWeb(Object(Config\Paths))
12 SYSTEMPATH\rewrite.php(44): require_once('C:\\xampp\\htdocs\\cobaweb\\public\\index.php')
DEBUG - 2025-12-14 12:12:27 --> Session: Class initialized using 'CodeIgniter\Session\Handlers\FileHandler' driver.
WARNING - 2025-12-14 12:12:46 --> [DEPRECATED] urlencode(): Passing null to parameter #1 ($string) of type string is deprecated in APPPATH\Views\user\kategori.php on line 12.
 1 APPPATH\Views\user\kategori.php(12): urlencode(null)
 2 SYSTEMPATH\View\View.php(226): include('C:\\xampp\\htdocs\\cobaweb\\app\\Views\\user\\kategori.php')
 3 SYSTEMPATH\View\View.php(229): CodeIgniter\View\View->CodeIgniter\View\{closure}()
 4 SYSTEMPATH\Common.php(1199): CodeIgniter\View\View->render('user/kategori', [], true)
 5 APPPATH\Controllers\User\Kategori.php(35): view('user/kategori', [...])
 6 SYSTEMPATH\CodeIgniter.php(933): App\Controllers\User\Kategori->index('camera')
 7 SYSTEMPATH\CodeIgniter.php(507): CodeIgniter\CodeIgniter->runController(Object(App\Controllers\User\Kategori))
 8 SYSTEMPATH\CodeIgniter.php(354): CodeIgniter\CodeIgniter->handleRequest(null, Object(Config\Cache), false)
 9 SYSTEMPATH\Boot.php(363): CodeIgniter\CodeIgniter->run()
10 SYSTEMPATH\Boot.php(68): CodeIgniter\Boot::runCodeIgniter(Object(CodeIgniter\CodeIgniter))
11 FCPATH\index.php(59): CodeIgniter\Boot::bootWeb(Object(Config\Paths))
12 SYSTEMPATH\rewrite.php(44): require_once('C:\\xampp\\htdocs\\cobaweb\\public\\index.php')
WARNING - 2025-12-14 12:12:49 --> [DEPRECATED] urlencode(): Passing null to parameter #1 ($string) of type string is deprecated in APPPATH\Views\user\kategori.php on line 12.
 1 APPPATH\Views\user\kategori.php(12): urlencode(null)
 2 SYSTEMPATH\View\View.php(226): include('C:\\xampp\\htdocs\\cobaweb\\app\\Views\\user\\kategori.php')
 3 SYSTEMPATH\View\View.php(229): CodeIgniter\View\View->CodeIgniter\View\{closure}()
 4 SYSTEMPATH\Common.php(1199): CodeIgniter\View\View->render('user/kategori', [], true)
 5 APPPATH\Controllers\User\Kategori.php(35): view('user/kategori', [...])
 6 SYSTEMPATH\CodeIgniter.php(933): App\Controllers\User\Kategori->index('camera')
 7 SYSTEMPATH\CodeIgniter.php(507): CodeIgniter\CodeIgniter->runController(Object(App\Controllers\User\Kategori))
 8 SYSTEMPATH\CodeIgniter.php(354): CodeIgniter\CodeIgniter->handleRequest(null, Object(Config\Cache), false)
 9 SYSTEMPATH\Boot.php(363): CodeIgniter\CodeIgniter->run()
10 SYSTEMPATH\Boot.php(68): CodeIgniter\Boot::runCodeIgniter(Object(CodeIgniter\CodeIgniter))
11 FCPATH\index.php(59): CodeIgniter\Boot::bootWeb(Object(Config\Paths))
12 SYSTEMPATH\rewrite.php(44): require_once('C:\\xampp\\htdocs\\cobaweb\\public\\index.php')
WARNING - 2025-12-14 12:12:50 --> [DEPRECATED] urlencode(): Passing null to parameter #1 ($string) of type string is deprecated in APPPATH\Views\user\kategori.php on line 12.
 1 APPPATH\Views\user\kategori.php(12): urlencode(null)
 2 SYSTEMPATH\View\View.php(226): include('C:\\xampp\\htdocs\\cobaweb\\app\\Views\\user\\kategori.php')
 3 SYSTEMPATH\View\View.php(229): CodeIgniter\View\View->CodeIgniter\View\{closure}()
 4 SYSTEMPATH\Common.php(1199): CodeIgniter\View\View->render('user/kategori', [], true)
 5 APPPATH\Controllers\User\Kategori.php(35): view('user/kategori', [...])
 6 SYSTEMPATH\CodeIgniter.php(933): App\Controllers\User\Kategori->index('camera')
 7 SYSTEMPATH\CodeIgniter.php(507): CodeIgniter\CodeIgniter->runController(Object(App\Controllers\User\Kategori))
 8 SYSTEMPATH\CodeIgniter.php(354): CodeIgniter\CodeIgniter->handleRequest(null, Object(Config\Cache), false)
 9 SYSTEMPATH\Boot.php(363): CodeIgniter\CodeIgniter->run()
10 SYSTEMPATH\Boot.php(68): CodeIgniter\Boot::runCodeIgniter(Object(CodeIgniter\CodeIgniter))
11 FCPATH\index.php(59): CodeIgniter\Boot::bootWeb(Object(Config\Paths))
12 SYSTEMPATH\rewrite.php(44): require_once('C:\\xampp\\htdocs\\cobaweb\\public\\index.php')
DEBUG - 2025-12-14 12:13:28 --> Session: Class initialized using 'CodeIgniter\Session\Handlers\FileHandler' driver.
WARNING - 2025-12-14 12:13:33 --> [DEPRECATED] urlencode(): Passing null to parameter #1 ($string) of type string is deprecated in APPPATH\Views\user\kategori.php on line 12.
 1 APPPATH\Views\user\kategori.php(12): urlencode(null)
 2 SYSTEMPATH\View\View.php(226): include('C:\\xampp\\htdocs\\cobaweb\\app\\Views\\user\\kategori.php')
 3 SYSTEMPATH\View\View.php(229): CodeIgniter\View\View->CodeIgniter\View\{closure}()
 4 SYSTEMPATH\Common.php(1199): CodeIgniter\View\View->render('user/kategori', [], true)
 5 APPPATH\Controllers\User\Kategori.php(35): view('user/kategori', [...])
 6 SYSTEMPATH\CodeIgniter.php(933): App\Controllers\User\Kategori->index('camera')
 7 SYSTEMPATH\CodeIgniter.php(507): CodeIgniter\CodeIgniter->runController(Object(App\Controllers\User\Kategori))
 8 SYSTEMPATH\CodeIgniter.php(354): CodeIgniter\CodeIgniter->handleRequest(null, Object(Config\Cache), false)
 9 SYSTEMPATH\Boot.php(363): CodeIgniter\CodeIgniter->run()
10 SYSTEMPATH\Boot.php(68): CodeIgniter\Boot::runCodeIgniter(Object(CodeIgniter\CodeIgniter))
11 FCPATH\index.php(59): CodeIgniter\Boot::bootWeb(Object(Config\Paths))
12 SYSTEMPATH\rewrite.php(44): require_once('C:\\xampp\\htdocs\\cobaweb\\public\\index.php')
WARNING - 2025-12-14 12:13:41 --> [DEPRECATED] urlencode(): Passing null to parameter #1 ($string) of type string is deprecated in APPPATH\Views\user\kategori.php on line 12.
 1 APPPATH\Views\user\kategori.php(12): urlencode(null)
 2 SYSTEMPATH\View\View.php(226): include('C:\\xampp\\htdocs\\cobaweb\\app\\Views\\user\\kategori.php')
 3 SYSTEMPATH\View\View.php(229): CodeIgniter\View\View->CodeIgniter\View\{closure}()
 4 SYSTEMPATH\Common.php(1199): CodeIgniter\View\View->render('user/kategori', [], true)
 5 APPPATH\Controllers\User\Kategori.php(35): view('user/kategori', [...])
 6 SYSTEMPATH\CodeIgniter.php(933): App\Controllers\User\Kategori->index('modifier')
 7 SYSTEMPATH\CodeIgniter.php(507): CodeIgniter\CodeIgniter->runController(Object(App\Controllers\User\Kategori))
 8 SYSTEMPATH\CodeIgniter.php(354): CodeIgniter\CodeIgniter->handleRequest(null, Object(Config\Cache), false)
 9 SYSTEMPATH\Boot.php(363): CodeIgniter\CodeIgniter->run()
10 SYSTEMPATH\Boot.php(68): CodeIgniter\Boot::runCodeIgniter(Object(CodeIgniter\CodeIgniter))
11 FCPATH\index.php(59): CodeIgniter\Boot::bootWeb(Object(Config\Paths))
12 SYSTEMPATH\rewrite.php(44): require_once('C:\\xampp\\htdocs\\cobaweb\\public\\index.php')
WARNING - 2025-12-14 12:13:44 --> [DEPRECATED] urlencode(): Passing null to parameter #1 ($string) of type string is deprecated in APPPATH\Views\user\kategori.php on line 12.
 1 APPPATH\Views\user\kategori.php(12): urlencode(null)
 2 SYSTEMPATH\View\View.php(226): include('C:\\xampp\\htdocs\\cobaweb\\app\\Views\\user\\kategori.php')
 3 SYSTEMPATH\View\View.php(229): CodeIgniter\View\View->CodeIgniter\View\{closure}()
 4 SYSTEMPATH\Common.php(1199): CodeIgniter\View\View->render('user/kategori', [], true)
 5 APPPATH\Controllers\User\Kategori.php(35): view('user/kategori', [...])
 6 SYSTEMPATH\CodeIgniter.php(933): App\Controllers\User\Kategori->index('modifier')
 7 SYSTEMPATH\CodeIgniter.php(507): CodeIgniter\CodeIgniter->runController(Object(App\Controllers\User\Kategori))
 8 SYSTEMPATH\CodeIgniter.php(354): CodeIgniter\CodeIgniter->handleRequest(null, Object(Config\Cache), false)
 9 SYSTEMPATH\Boot.php(363): CodeIgniter\CodeIgniter->run()
10 SYSTEMPATH\Boot.php(68): CodeIgniter\Boot::runCodeIgniter(Object(CodeIgniter\CodeIgniter))
11 FCPATH\index.php(59): CodeIgniter\Boot::bootWeb(Object(Config\Paths))
12 SYSTEMPATH\rewrite.php(44): require_once('C:\\xampp\\htdocs\\cobaweb\\public\\index.php')
WARNING - 2025-12-14 12:13:45 --> [DEPRECATED] urlencode(): Passing null to parameter #1 ($string) of type string is deprecated in APPPATH\Views\user\kategori.php on line 12.
 1 APPPATH\Views\user\kategori.php(12): urlencode(null)
 2 SYSTEMPATH\View\View.php(226): include('C:\\xampp\\htdocs\\cobaweb\\app\\Views\\user\\kategori.php')
 3 SYSTEMPATH\View\View.php(229): CodeIgniter\View\View->CodeIgniter\View\{closure}()
 4 SYSTEMPATH\Common.php(1199): CodeIgniter\View\View->render('user/kategori', [], true)
 5 APPPATH\Controllers\User\Kategori.php(35): view('user/kategori', [...])
 6 SYSTEMPATH\CodeIgniter.php(933): App\Controllers\User\Kategori->index('modifier')
 7 SYSTEMPATH\CodeIgniter.php(507): CodeIgniter\CodeIgniter->runController(Object(App\Controllers\User\Kategori))
 8 SYSTEMPATH\CodeIgniter.php(354): CodeIgniter\CodeIgniter->handleRequest(null, Object(Config\Cache), false)
 9 SYSTEMPATH\Boot.php(363): CodeIgniter\CodeIgniter->run()
10 SYSTEMPATH\Boot.php(68): CodeIgniter\Boot::runCodeIgniter(Object(CodeIgniter\CodeIgniter))
11 FCPATH\index.php(59): CodeIgniter\Boot::bootWeb(Object(Config\Paths))
12 SYSTEMPATH\rewrite.php(44): require_once('C:\\xampp\\htdocs\\cobaweb\\public\\index.php')
WARNING - 2025-12-14 12:13:47 --> [DEPRECATED] urlencode(): Passing null to parameter #1 ($string) of type string is deprecated in APPPATH\Views\user\kategori.php on line 12.
 1 APPPATH\Views\user\kategori.php(12): urlencode(null)
 2 SYSTEMPATH\View\View.php(226): include('C:\\xampp\\htdocs\\cobaweb\\app\\Views\\user\\kategori.php')
 3 SYSTEMPATH\View\View.php(229): CodeIgniter\View\View->CodeIgniter\View\{closure}()
 4 SYSTEMPATH\Common.php(1199): CodeIgniter\View\View->render('user/kategori', [], true)
 5 APPPATH\Controllers\User\Kategori.php(35): view('user/kategori', [...])
 6 SYSTEMPATH\CodeIgniter.php(933): App\Controllers\User\Kategori->index('modifier')
 7 SYSTEMPATH\CodeIgniter.php(507): CodeIgniter\CodeIgniter->runController(Object(App\Controllers\User\Kategori))
 8 SYSTEMPATH\CodeIgniter.php(354): CodeIgniter\CodeIgniter->handleRequest(null, Object(Config\Cache), false)
 9 SYSTEMPATH\Boot.php(363): CodeIgniter\CodeIgniter->run()
10 SYSTEMPATH\Boot.php(68): CodeIgniter\Boot::runCodeIgniter(Object(CodeIgniter\CodeIgniter))
11 FCPATH\index.php(59): CodeIgniter\Boot::bootWeb(Object(Config\Paths))
12 SYSTEMPATH\rewrite.php(44): require_once('C:\\xampp\\htdocs\\cobaweb\\public\\index.php')
WARNING - 2025-12-14 12:13:49 --> [DEPRECATED] urlencode(): Passing null to parameter #1 ($string) of type string is deprecated in APPPATH\Views\user\kategori.php on line 12.
 1 APPPATH\Views\user\kategori.php(12): urlencode(null)
 2 SYSTEMPATH\View\View.php(226): include('C:\\xampp\\htdocs\\cobaweb\\app\\Views\\user\\kategori.php')
 3 SYSTEMPATH\View\View.php(229): CodeIgniter\View\View->CodeIgniter\View\{closure}()
 4 SYSTEMPATH\Common.php(1199): CodeIgniter\View\View->render('user/kategori', [], true)
 5 APPPATH\Controllers\User\Kategori.php(35): view('user/kategori', [...])
 6 SYSTEMPATH\CodeIgniter.php(933): App\Controllers\User\Kategori->index('modifier')
 7 SYSTEMPATH\CodeIgniter.php(507): CodeIgniter\CodeIgniter->runController(Object(App\Controllers\User\Kategori))
 8 SYSTEMPATH\CodeIgniter.php(354): CodeIgniter\CodeIgniter->handleRequest(null, Object(Config\Cache), false)
 9 SYSTEMPATH\Boot.php(363): CodeIgniter\CodeIgniter->run()
10 SYSTEMPATH\Boot.php(68): CodeIgniter\Boot::runCodeIgniter(Object(CodeIgniter\CodeIgniter))
11 FCPATH\index.php(59): CodeIgniter\Boot::bootWeb(Object(Config\Paths))
12 SYSTEMPATH\rewrite.php(44): require_once('C:\\xampp\\htdocs\\cobaweb\\public\\index.php')
